This is pdfTeX, Version 3.141592653-2.6-1.40.27 (TeX Live 2025) (preloaded format=pdflatex 2025.6.17)  22 JUN 2025 14:00
entering extended mode
 restricted \write18 enabled.
 file:line:error style messages enabled.
 %&-line parsing enabled.
**gnc-book.tex
(./gnc-book.tex
LaTeX2e <2024-11-01> patch level 2
L3 programming layer <2025-01-18>
(/usr/local/texlive/2025/texmf-dist/tex/latex/tufte-latex/tufte-book.cls
Document Class: tufte-book 2015/06/21 v3.5.2 Tufte-book class
(/usr/local/texlive/2025/texmf-dist/tex/latex/tufte-latex/tufte-common.def
File: tufte-common.def 2015/06/21 v3.5.2 Common code for the Tufte-LaTeX styles
 (/usr/local/texlive/2025/texmf-dist/tex/latex/xkeyval/xkeyval.sty
Package: xkeyval 2022/06/16 v2.9 package option processing (HA)
 (/usr/local/texlive/2025/texmf-dist/tex/generic/xkeyval/xkeyval.tex (/usr/local/texlive/2025/texmf-dist/tex/generic/xkeyval/xkvutils.tex
\XKV@toks=\toks17
\XKV@tempa@toks=\toks18
 (/usr/local/texlive/2025/texmf-dist/tex/generic/xkeyval/keyval.tex))
\XKV@depth=\count196
File: xkeyval.tex 2014/12/03 v2.7a key=value parser (HA)
)) (/usr/local/texlive/2025/texmf-dist/tex/latex/xifthen/xifthen.sty
Package: xifthen 2015/11/05 v1.4.0 Extended ifthen features
 (/usr/local/texlive/2025/texmf-dist/tex/latex/tools/calc.sty
Package: calc 2023/07/08 v4.3 Infix arithmetic (KKT,FJ)
\calc@Acount=\count197
\calc@Bcount=\count198
\calc@Adimen=\dimen141
\calc@Bdimen=\dimen142
\calc@Askip=\skip49
\calc@Bskip=\skip50
LaTeX Info: Redefining \setlength on input line 80.
LaTeX Info: Redefining \addtolength on input line 81.
\calc@Ccount=\count199
\calc@Cskip=\skip51
) (/usr/local/texlive/2025/texmf-dist/tex/latex/base/ifthen.sty
Package: ifthen 2024/03/16 v1.1e Standard LaTeX ifthen package (DPC)
) (/usr/local/texlive/2025/texmf-dist/tex/latex/ifmtarg/ifmtarg.sty
Package: ifmtarg 2018/04/16 v1.2b check for an empty argument
)) (/usr/local/texlive/2025/texmf-dist/tex/latex/hardwrap/hardwrap.sty
Package: hardwrap 2011/02/12 v0.2 Hard wrap messages
 (/usr/local/texlive/2025/texmf-dist/tex/latex/ifplatform/ifplatform.sty
Package: ifplatform 2017/10/13 v0.4a Testing for the operating system
 (/usr/local/texlive/2025/texmf-dist/tex/latex/tools/shellesc.sty
Package: shellesc 2023/07/08 v1.0d unified shell escape interface for LaTeX
Package shellesc Info: Restricted shell escape enabled on input line 77.
) (/usr/local/texlive/2025/texmf-dist/tex/generic/pdftexcmds/pdftexcmds.sty
Package: pdftexcmds 2020-06-27 v0.33 Utility functions of pdfTeX for LuaTeX (HO)
 (/usr/local/texlive/2025/texmf-dist/tex/generic/infwarerr/infwarerr.sty
Package: infwarerr 2019/12/03 v1.5 Providing info/warning/error messages (HO)
) (/usr/local/texlive/2025/texmf-dist/tex/generic/iftex/iftex.sty
Package: iftex 2024/12/12 v1.0g TeX engine tests
) (/usr/local/texlive/2025/texmf-dist/tex/generic/ltxcmds/ltxcmds.sty
Package: ltxcmds 2023-12-04 v1.26 LaTeX kernel commands for general use (HO)
)
Package pdftexcmds Info: \pdf@primitive is available.
Package pdftexcmds Info: \pdf@ifprimitive is available.
Package pdftexcmds Info: \pdfdraftmode found.
) (/usr/local/texlive/2025/texmf-dist/tex/generic/catchfile/catchfile.sty
Package: catchfile 2019/12/09 v1.8 Catch the contents of a file (HO)
 (/usr/local/texlive/2025/texmf-dist/tex/generic/etexcmds/etexcmds.sty
Package: etexcmds 2019/12/15 v1.7 Avoid name clashes with e-TeX commands (HO)
)) (/usr/local/texlive/2025/texmf-dist/tex/generic/iftex/ifluatex.sty
Package: ifluatex 2019/10/25 v1.5 ifluatex legacy package. Use iftex instead.
)

Package ifplatform Warning: 
    shell escape is disabled, so I can only detect \ifwindows.

) (/usr/local/texlive/2025/texmf-dist/tex/generic/iftex/ifxetex.sty
Package: ifxetex 2019/10/25 v0.7 ifxetex legacy package. Use iftex instead.
)
\hw@charcount=\count266
\hw@wordcount=\count267
\hw@maxprintline=\count268
 (|kpsewhich -var-value=max_print_line))
Class tufte-book Info: Loading the base class `book'
 (/usr/local/texlive/2025/texmf-dist/tex/latex/base/book.cls
Document Class: book 2024/06/29 v1.4n Standard LaTeX document class
(/usr/local/texlive/2025/texmf-dist/tex/latex/base/bk10.clo
File: bk10.clo 2024/06/29 v1.4n Standard LaTeX file (size option)
)
\c@part=\count269
\c@chapter=\count270
\c@section=\count271
\c@subsection=\count272
\c@subsubsection=\count273
\c@paragraph=\count274
\c@subparagraph=\count275
\c@figure=\count276
\c@table=\count277
\abovecaptionskip=\skip52
\belowcaptionskip=\skip53
\bibindent=\dimen143
) (/usr/local/texlive/2025/texmf-dist/tex/generic/iftex/ifpdf.sty
Package: ifpdf 2019/10/25 v3.4 ifpdf legacy package. Use iftex instead.
) (/usr/local/texlive/2025/texmf-dist/tex/latex/titlesec/titlesec.sty
Package: titlesec 2025/01/04 v2.17 Sectioning titles
\ttl@box=\box52
\beforetitleunit=\skip54
\aftertitleunit=\skip55
\ttl@plus=\dimen144
\ttl@minus=\dimen145
\ttl@toksa=\toks19
\titlewidth=\dimen146
\titlewidthlast=\dimen147
\titlewidthfirst=\dimen148
) (/usr/local/texlive/2025/texmf-dist/tex/latex/titlesec/titletoc.sty
Package: titletoc 2025/01/04 v2.17 TOC entries
\ttl@leftsep=\dimen149
) (/usr/local/texlive/2025/texmf-dist/tex/latex/hyperref/hyperref.sty
Package: hyperref 2024-11-05 v7.01l Hypertext links for LaTeX
 (/usr/local/texlive/2025/texmf-dist/tex/latex/kvsetkeys/kvsetkeys.sty
Package: kvsetkeys 2022-10-05 v1.19 Key value parser (HO)
) (/usr/local/texlive/2025/texmf-dist/tex/generic/kvdefinekeys/kvdefinekeys.sty
Package: kvdefinekeys 2019-12-19 v1.6 Define keys (HO)
) (/usr/local/texlive/2025/texmf-dist/tex/generic/pdfescape/pdfescape.sty
Package: pdfescape 2019/12/09 v1.15 Implements pdfTeX's escape features (HO)
) (/usr/local/texlive/2025/texmf-dist/tex/latex/hycolor/hycolor.sty
Package: hycolor 2020-01-27 v1.10 Color options for hyperref/bookmark (HO)
) (/usr/local/texlive/2025/texmf-dist/tex/latex/hyperref/nameref.sty
Package: nameref 2023-11-26 v2.56 Cross-referencing by name of section
 (/usr/local/texlive/2025/texmf-dist/tex/latex/refcount/refcount.sty
Package: refcount 2019/12/15 v3.6 Data extraction from label references (HO)
) (/usr/local/texlive/2025/texmf-dist/tex/generic/gettitlestring/gettitlestring.sty
Package: gettitlestring 2019/12/15 v1.6 Cleanup title references (HO)
 (/usr/local/texlive/2025/texmf-dist/tex/latex/kvoptions/kvoptions.sty
Package: kvoptions 2022-06-15 v3.15 Key value format for package options (HO)
))
\c@section@level=\count278
) (/usr/local/texlive/2025/texmf-dist/tex/latex/etoolbox/etoolbox.sty
Package: etoolbox 2025/02/11 v2.5l e-TeX tools for LaTeX (JAW)
\etb@tempcnta=\count279
) (/usr/local/texlive/2025/texmf-dist/tex/generic/stringenc/stringenc.sty
Package: stringenc 2019/11/29 v1.12 Convert strings between diff. encodings (HO)
)
\@linkdim=\dimen150
\Hy@linkcounter=\count280
\Hy@pagecounter=\count281
 (/usr/local/texlive/2025/texmf-dist/tex/latex/hyperref/pd1enc.def
File: pd1enc.def 2024-11-05 v7.01l Hyperref: PDFDocEncoding definition (HO)
Now handling font encoding PD1 ...
... no UTF-8 mapping file for font encoding PD1
) (/usr/local/texlive/2025/texmf-dist/tex/generic/intcalc/intcalc.sty
Package: intcalc 2019/12/15 v1.3 Expandable calculations with integers (HO)
)
\Hy@SavedSpaceFactor=\count282
 (/usr/local/texlive/2025/texmf-dist/tex/latex/hyperref/puenc.def
File: puenc.def 2024-11-05 v7.01l Hyperref: PDF Unicode definition (HO)
Now handling font encoding PU ...
... no UTF-8 mapping file for font encoding PU
)
Package hyperref Info: Option `unicode' set `true' on input line 4040.
Package hyperref Info: Option `hyperfootnotes' set `false' on input line 4040.
Package hyperref Info: Hyper figures OFF on input line 4157.
Package hyperref Info: Link nesting OFF on input line 4162.
Package hyperref Info: Hyper index ON on input line 4165.
Package hyperref Info: Plain pages OFF on input line 4172.
Package hyperref Info: Backreferencing OFF on input line 4177.
Package hyperref Info: Implicit mode ON; LaTeX internals redefined.
Package hyperref Info: Bookmarks ON on input line 4424.
\c@Hy@tempcnt=\count283
 (/usr/local/texlive/2025/texmf-dist/tex/latex/url/url.sty
\Urlmuskip=\muskip17
Package: url 2013/09/16  ver 3.4  Verb mode for urls, etc.
)
LaTeX Info: Redefining \url on input line 4763.
\XeTeXLinkMargin=\dimen151
 (/usr/local/texlive/2025/texmf-dist/tex/generic/bitset/bitset.sty
Package: bitset 2019/12/09 v1.3 Handle bit-vector datatype (HO)
 (/usr/local/texlive/2025/texmf-dist/tex/generic/bigintcalc/bigintcalc.sty
Package: bigintcalc 2019/12/15 v1.5 Expandable calculations on big integers (HO)
))
\Fld@menulength=\count284
\Field@Width=\dimen152
\Fld@charsize=\dimen153
Package hyperref Info: Hyper figures OFF on input line 6042.
Package hyperref Info: Link nesting OFF on input line 6047.
Package hyperref Info: Hyper index ON on input line 6050.
Package hyperref Info: backreferencing OFF on input line 6057.
Package hyperref Info: Link coloring OFF on input line 6062.
Package hyperref Info: Link coloring with OCG OFF on input line 6067.
Package hyperref Info: PDF/A mode OFF on input line 6072.
 (/usr/local/texlive/2025/texmf-dist/tex/latex/base/atbegshi-ltx.sty
Package: atbegshi-ltx 2021/01/10 v1.0c Emulation of the original atbegshi
package with kernel methods
)
\Hy@abspage=\count285
\c@Item=\count286
)
Package hyperref Info: Driver (autodetected): hpdftex.
 (/usr/local/texlive/2025/texmf-dist/tex/latex/hyperref/hpdftex.def
File: hpdftex.def 2024-11-05 v7.01l Hyperref driver for pdfTeX
 (/usr/local/texlive/2025/texmf-dist/tex/latex/base/atveryend-ltx.sty
Package: atveryend-ltx 2020/08/19 v1.0a Emulation of the original atveryend package
with kernel methods
)
\Fld@listcount=\count287
\c@bookmark@seq@number=\count288
 (/usr/local/texlive/2025/texmf-dist/tex/latex/rerunfilecheck/rerunfilecheck.sty
Package: rerunfilecheck 2022-07-10 v1.10 Rerun checks for auxiliary files (HO)
 (/usr/local/texlive/2025/texmf-dist/tex/generic/uniquecounter/uniquecounter.sty
Package: uniquecounter 2019/12/15 v1.4 Provide unlimited unique counter (HO)
)
Package uniquecounter Info: New unique counter `rerunfilecheck' on input line 285.
)
\Hy@SectionHShift=\skip56
) (/usr/local/texlive/2025/texmf-dist/tex/latex/ragged2e/ragged2e.sty
Package: ragged2e 2023/06/22 v3.6 ragged2e Package
\CenteringLeftskip=\skip57
\RaggedLeftLeftskip=\skip58
\RaggedRightLeftskip=\skip59
\CenteringRightskip=\skip60
\RaggedLeftRightskip=\skip61
\RaggedRightRightskip=\skip62
\CenteringParfillskip=\skip63
\RaggedLeftParfillskip=\skip64
\RaggedRightParfillskip=\skip65
\JustifyingParfillskip=\skip66
\CenteringParindent=\skip67
\RaggedLeftParindent=\skip68
\RaggedRightParindent=\skip69
\JustifyingParindent=\skip70
) (/usr/local/texlive/2025/texmf-dist/tex/latex/geometry/geometry.sty
Package: geometry 2020/01/02 v5.9 Page Geometry

(/usr/local/texlive/2025/texmf-dist/tex/generic/iftex/ifvtex.sty
Package: ifvtex 2019/10/25 v1.7 ifvtex legacy package. Use iftex instead.
)
\Gm@cnth=\count289
\Gm@cntv=\count290
\c@Gm@tempcnt=\count291
\Gm@bindingoffset=\dimen154
\Gm@wd@mp=\dimen155
\Gm@odd@mp=\dimen156
\Gm@even@mp=\dimen157
\Gm@layoutwidth=\dimen158
\Gm@layoutheight=\dimen159
\Gm@layouthoffset=\dimen160
\Gm@layoutvoffset=\dimen161
\Gm@dimlist=\toks20
) (/usr/local/texlive/2025/texmf-dist/tex/latex/changepage/changepage.sty
Package: changepage 2009/10/20 v1.0c check page and change page layout
\c@cp@cntr=\count292
\cp@tempcnt=\count293
)
\@tufte@overhang=\skip71
\@tufte@fullwidth=\skip72
\@tufte@caption@fill=\skip73
 (/usr/local/texlive/2025/texmf-dist/tex/latex/paralist/paralist.sty
Package: paralist 2017/01/22 v2.7 Extended list environments
\pltopsep=\skip74
\plpartopsep=\skip75
\plitemsep=\skip76
\plparsep=\skip77
\pl@lab=\toks21
) (/usr/local/texlive/2025/texmf-dist/tex/latex/textcase/textcase.sty
Package: textcase 2025/02/16 v1.05 Text only upper/lower case changing (DPC)
Package textcase Info: Defining Legacy names on input line 20.
) (/usr/local/texlive/2025/texmf-dist/tex/latex/microtype/letterspace.sty
Package: letterspace 2025/02/11 v3.2a Robust letterspacing (RS)
LaTeX Info: Redefining \lsstyle on input line 343.
LaTeX Info: Redefining \lslig on input line 344.
LaTeX Info: Redefining \textls on input line 372.
\MT@outer@kern=\dimen162
) (/usr/local/texlive/2025/texmf-dist/tex/latex/setspace/setspace.sty
Package: setspace 2022/12/04 v6.7b set line spacing
) (/usr/local/texlive/2025/texmf-dist/tex/latex/xcolor/xcolor.sty
Package: xcolor 2024/09/29 v3.02 LaTeX color extensions (UK)
 (/usr/local/texlive/2025/texmf-dist/tex/latex/graphics-cfg/color.cfg
File: color.cfg 2016/01/02 v1.6 sample color configuration
)

Package xcolor Warning: Package option `usenames' is obsolete and ignored on input line 265.

Package xcolor Info: Driver file: pdftex.def on input line 274.
(/usr/local/texlive/2025/texmf-dist/tex/latex/graphics-def/pdftex.def
File: pdftex.def 2024/04/13 v1.2c Graphics/color driver for pdftex
) (/usr/local/texlive/2025/texmf-dist/tex/latex/graphics/mathcolor.ltx)
Package xcolor Info: Model `cmy' substituted by `cmy0' on input line 1349.
Package xcolor Info: Model `hsb' substituted by `rgb' on input line 1353.
Package xcolor Info: Model `RGB' extended on input line 1365.
Package xcolor Info: Model `HTML' substituted by `rgb' on input line 1367.
Package xcolor Info: Model `Hsb' substituted by `hsb' on input line 1368.
Package xcolor Info: Model `tHsb' substituted by `hsb' on input line 1369.
Package xcolor Info: Model `HSB' substituted by `hsb' on input line 1370.
Package xcolor Info: Model `Gray' substituted by `gray' on input line 1371.
Package xcolor Info: Model `wave' substituted by `hsb' on input line 1372.
) (/usr/local/texlive/2025/texmf-dist/tex/latex/graphics/dvipsnam.def
File: dvipsnam.def 2016/06/17 v3.0m Driver-dependent file (DPC,SPQR)
) (/usr/local/texlive/2025/texmf-dist/tex/latex/xcolor/svgnam.def
File: svgnam.def 2024/09/29 v3.02 Predefined colors according to SVG 1.1 (UK)
) (/usr/local/texlive/2025/texmf-dist/tex/latex/natbib/natbib.sty
Package: natbib 2010/09/13 8.31b (PWD, AO)
\bibhang=\skip78
\bibsep=\skip79
LaTeX Info: Redefining \cite on input line 694.
\c@NAT@ctr=\count294
) (/usr/local/texlive/2025/texmf-dist/tex/latex/natbib/bibentry.sty
Package: bibentry 2007/10/30 1.5 (PWD)
) (./gnc-book.bbl)
\c@@tufte@num@bibkeys=\count295
 (/usr/local/texlive/2025/texmf-dist/tex/latex/sauerj/optparams.sty
Package: optparams 2004/08/14 v0.9 multiple optional parameters in macros
)
\@tufte@sidenote@vertical@offset=\skip80
 (/usr/local/texlive/2025/texmf-dist/tex/latex/placeins/placeins.sty
Package: placeins 2005/04/18  v 2.2
)
\@tufte@margin@floatbox=\box53
\@tufte@figure@box=\box54
\@tufte@caption@box=\box55
\@tufte@caption@vertical@offset=\skip81
\@tufte@float@contents@width=\skip82
 (/usr/local/texlive/2025/texmf-dist/tex/latex/psnfss/mathpazo.sty
Package: mathpazo 2020/03/25 PSNFSS-v9.3 Palatino w/ Pazo Math (D.Puga, WaS) 
\symupright=\mathgroup4
) (/usr/local/texlive/2025/texmf-dist/tex/latex/psnfss/helvet.sty
Package: helvet 2020/03/25 PSNFSS-v9.3 (WaS) 
) (/usr/local/texlive/2025/texmf-dist/tex/latex/bera/beramono.sty
Package: beramono 2004/01/31 (WaS)
) (/usr/local/texlive/2025/texmf-dist/tex/latex/base/fontenc.sty
Package: fontenc 2021/04/29 v2.0v Standard LaTeX package
LaTeX Font Info:    Trying to load font information for T1+pplj on input line 116.
 (/usr/local/texlive/2025/texmf-dist/tex/latex/psnfss/t1pplj.fd
File: t1pplj.fd 2004/09/06 font definitions for T1/pplj.
)) (/usr/local/texlive/2025/texmf-dist/tex/latex/base/textcomp.sty
Package: textcomp 2024/04/24 v2.1b Standard LaTeX package
) (/usr/local/texlive/2025/texmf-dist/tex/latex/fancyhdr/fancyhdr.sty
Package: fancyhdr 2025/02/07 v5.2 Extensive control of page headers and footers
\f@nch@headwidth=\skip83
\f@nch@offset@elh=\skip84
\f@nch@offset@erh=\skip85
\f@nch@offset@olh=\skip86
\f@nch@offset@orh=\skip87
\f@nch@offset@elf=\skip88
\f@nch@offset@erf=\skip89
\f@nch@offset@olf=\skip90
\f@nch@offset@orf=\skip91
\f@nch@height=\skip92
\f@nch@footalignment=\skip93
\f@nch@widthL=\skip94
\f@nch@widthC=\skip95
\f@nch@widthR=\skip96
\@temptokenb=\toks22
)
\tufteskipamount=\skip97
 (/usr/local/texlive/2025/texmf-dist/tex/latex/tools/multicol.sty
Package: multicol 2024/09/14 v1.9i multicolumn formatting (FMi)
\c@tracingmulticols=\count296
\mult@box=\box56
\multicol@leftmargin=\dimen163
\c@unbalance=\count297
\c@collectmore=\count298
\doublecol@number=\count299
\multicoltolerance=\count300
\multicolpretolerance=\count301
\full@width=\dimen164
\page@free=\dimen165
\premulticols=\dimen166
\postmulticols=\dimen167
\multicolsep=\skip98
\multicolbaselineskip=\skip99
\partial@page=\box57
\last@line=\box58
\mc@boxedresult=\box59
\maxbalancingoverflow=\dimen168
\mult@rightbox=\box60
\mult@grightbox=\box61
\mult@firstbox=\box62
\mult@gfirstbox=\box63
\@tempa=\box64
\@tempa=\box65
\@tempa=\box66
\@tempa=\box67
\@tempa=\box68
\@tempa=\box69
\@tempa=\box70
\@tempa=\box71
\@tempa=\box72
\@tempa=\box73
\@tempa=\box74
\@tempa=\box75
\@tempa=\box76
\@tempa=\box77
\@tempa=\box78
\@tempa=\box79
\@tempa=\box80
\@tempa=\box81
\@tempa=\box82
\@tempa=\box83
\@tempa=\box84
\@tempa=\box85
\@tempa=\box86
\@tempa=\box87
\@tempa=\box88
\@tempa=\box89
\@tempa=\box90
\@tempa=\box91
\@tempa=\box92
\@tempa=\box93
\@tempa=\box94
\@tempa=\box95
\@tempa=\box96
\@tempa=\box97
\@tempa=\box98
\@tempa=\box99
\c@minrows=\count302
\c@columnbadness=\count303
\c@finalcolumnbadness=\count304
\last@try=\dimen169
\multicolovershoot=\dimen170
\multicolundershoot=\dimen171
\mult@nat@firstbox=\box100
\colbreak@box=\box101
\mc@col@check@num=\count305
)))
Package hyperref Info: Option `colorlinks' set `true' on input line 18.
 (/usr/local/texlive/2025/texmf-dist/tex/latex/lipsum/lipsum.sty (/usr/local/texlive/2025/texmf-dist/tex/latex/l3packages/l3keys2e/l3keys2e.sty (/usr/local/texlive/2025/texmf-dist/tex/latex/l3kernel/expl3.sty
Package: expl3 2025-01-18 L3 programming layer (loader) 
 (/usr/local/texlive/2025/texmf-dist/tex/latex/l3backend/l3backend-pdftex.def
File: l3backend-pdftex.def 2024-05-08 L3 backend support: PDF output (pdfTeX)
\l__color_backend_stack_int=\count306
\l__pdf_internal_box=\box102
))
Package: l3keys2e 2024-08-16 LaTeX2e option processing using LaTeX3 keys
)
Package: lipsum 2021-09-20 v2.7 150 paragraphs of Lorem Ipsum dummy text
\g__lipsum_par_int=\count307
\l__lipsum_a_int=\count308
\l__lipsum_b_int=\count309
 (/usr/local/texlive/2025/texmf-dist/tex/latex/lipsum/lipsum.ltd.tex)) (/usr/local/texlive/2025/texmf-dist/tex/latex/makecell/makecell.sty
Package: makecell 2009/08/03 V0.1e Managing of Tab Column Heads and Cells
 (/usr/local/texlive/2025/texmf-dist/tex/latex/tools/array.sty
Package: array 2024/10/17 v2.6g Tabular extension package (FMi)
\col@sep=\dimen172
\ar@mcellbox=\box103
\extrarowheight=\dimen173
\NC@list=\toks23
\extratabsurround=\skip100
\backup@length=\skip101
\ar@cellbox=\box104
)
\rotheadsize=\dimen174
\c@nlinenum=\count310
\TeXr@lab=\toks24
) (/usr/local/texlive/2025/texmf-dist/tex/generic/babel/babel.sty
Package: babel 2025/02/14 v25.4 The multilingual framework for pdfLaTeX, LuaLaTeX and XeLaTeX
\babel@savecnt=\count311
\U@D=\dimen175
\l@unhyphenated=\language90
 (/usr/local/texlive/2025/texmf-dist/tex/generic/babel/txtbabel.def)
\bbl@readstream=\read2
\bbl@dirlevel=\count312
 (/usr/local/texlive/2025/texmf-dist/tex/generic/babel-english/english.ldf
Language: english 2017/06/06 v3.3r English support from the babel system
Package babel Info: Hyphen rules for 'canadian' set to \l@english
(babel)             (\language0). Reported on input line 102.
Package babel Info: Hyphen rules for 'australian' set to \l@ukenglish
(babel)             (\language22). Reported on input line 105.
Package babel Info: Hyphen rules for 'newzealand' set to \l@ukenglish
(babel)             (\language22). Reported on input line 108.
)) (/usr/local/texlive/2025/texmf-dist/tex/generic/babel/locale/en/babel-english.tex
Package babel Info: Importing font and identification data for english
(babel)             from babel-en.ini. Reported on input line 11.
) (/usr/local/texlive/2025/texmf-dist/tex/latex/pgf/frontendlayer/tikz.sty
(/usr/local/texlive/2025/texmf-dist/tex/latex/pgf/basiclayer/pgf.sty (/usr/local/texlive/2025/texmf-dist/tex/latex/pgf/utilities/pgfrcs.sty (/usr/local/texlive/2025/texmf-dist/tex/generic/pgf/utilities/pgfutil-common.tex
\pgfutil@everybye=\toks25
\pgfutil@tempdima=\dimen176
\pgfutil@tempdimb=\dimen177
) (/usr/local/texlive/2025/texmf-dist/tex/generic/pgf/utilities/pgfutil-latex.def
\pgfutil@abb=\box105
) (/usr/local/texlive/2025/texmf-dist/tex/generic/pgf/utilities/pgfrcs.code.tex (/usr/local/texlive/2025/texmf-dist/tex/generic/pgf/pgf.revision.tex)
Package: pgfrcs 2023-01-15 v3.1.10 (3.1.10)
))
Package: pgf 2023-01-15 v3.1.10 (3.1.10)
 (/usr/local/texlive/2025/texmf-dist/tex/latex/pgf/basiclayer/pgfcore.sty (/usr/local/texlive/2025/texmf-dist/tex/latex/graphics/graphicx.sty
Package: graphicx 2021/09/16 v1.2d Enhanced LaTeX Graphics (DPC,SPQR)
 (/usr/local/texlive/2025/texmf-dist/tex/latex/graphics/graphics.sty
Package: graphics 2024/08/06 v1.4g Standard LaTeX Graphics (DPC,SPQR)
 (/usr/local/texlive/2025/texmf-dist/tex/latex/graphics/trig.sty
Package: trig 2023/12/02 v1.11 sin cos tan (DPC)
) (/usr/local/texlive/2025/texmf-dist/tex/latex/graphics-cfg/graphics.cfg
File: graphics.cfg 2016/06/04 v1.11 sample graphics configuration
)
Package graphics Info: Driver file: pdftex.def on input line 106.
)
\Gin@req@height=\dimen178
\Gin@req@width=\dimen179
) (/usr/local/texlive/2025/texmf-dist/tex/latex/pgf/systemlayer/pgfsys.sty (/usr/local/texlive/2025/texmf-dist/tex/generic/pgf/systemlayer/pgfsys.code.tex
Package: pgfsys 2023-01-15 v3.1.10 (3.1.10)
 (/usr/local/texlive/2025/texmf-dist/tex/generic/pgf/utilities/pgfkeys.code.tex
\pgfkeys@pathtoks=\toks26
\pgfkeys@temptoks=\toks27
 (/usr/local/texlive/2025/texmf-dist/tex/generic/pgf/utilities/pgfkeyslibraryfiltered.code.tex
\pgfkeys@tmptoks=\toks28
))
\pgf@x=\dimen180
\pgf@y=\dimen181
\pgf@xa=\dimen182
\pgf@ya=\dimen183
\pgf@xb=\dimen184
\pgf@yb=\dimen185
\pgf@xc=\dimen186
\pgf@yc=\dimen187
\pgf@xd=\dimen188
\pgf@yd=\dimen189
\w@pgf@writea=\write3
\r@pgf@reada=\read3
\c@pgf@counta=\count313
\c@pgf@countb=\count314
\c@pgf@countc=\count315
\c@pgf@countd=\count316
\t@pgf@toka=\toks29
\t@pgf@tokb=\toks30
\t@pgf@tokc=\toks31
\pgf@sys@id@count=\count317
 (/usr/local/texlive/2025/texmf-dist/tex/generic/pgf/systemlayer/pgf.cfg
File: pgf.cfg 2023-01-15 v3.1.10 (3.1.10)
)
Driver file for pgf: pgfsys-pdftex.def
 (/usr/local/texlive/2025/texmf-dist/tex/generic/pgf/systemlayer/pgfsys-pdftex.def
File: pgfsys-pdftex.def 2023-01-15 v3.1.10 (3.1.10)
 (/usr/local/texlive/2025/texmf-dist/tex/generic/pgf/systemlayer/pgfsys-common-pdf.def
File: pgfsys-common-pdf.def 2023-01-15 v3.1.10 (3.1.10)
))) (/usr/local/texlive/2025/texmf-dist/tex/generic/pgf/systemlayer/pgfsyssoftpath.code.tex
File: pgfsyssoftpath.code.tex 2023-01-15 v3.1.10 (3.1.10)
\pgfsyssoftpath@smallbuffer@items=\count318
\pgfsyssoftpath@bigbuffer@items=\count319
) (/usr/local/texlive/2025/texmf-dist/tex/generic/pgf/systemlayer/pgfsysprotocol.code.tex
File: pgfsysprotocol.code.tex 2023-01-15 v3.1.10 (3.1.10)
)) (/usr/local/texlive/2025/texmf-dist/tex/generic/pgf/basiclayer/pgfcore.code.tex
Package: pgfcore 2023-01-15 v3.1.10 (3.1.10)
 (/usr/local/texlive/2025/texmf-dist/tex/generic/pgf/math/pgfmath.code.tex (/usr/local/texlive/2025/texmf-dist/tex/generic/pgf/math/pgfmathutil.code.tex) (/usr/local/texlive/2025/texmf-dist/tex/generic/pgf/math/pgfmathparser.code.tex
\pgfmath@dimen=\dimen190
\pgfmath@count=\count320
\pgfmath@box=\box106
\pgfmath@toks=\toks32
\pgfmath@stack@operand=\toks33
\pgfmath@stack@operation=\toks34
) (/usr/local/texlive/2025/texmf-dist/tex/generic/pgf/math/pgfmathfunctions.code.tex)
(/usr/local/texlive/2025/texmf-dist/tex/generic/pgf/math/pgfmathfunctions.basic.code.tex) (/usr/local/texlive/2025/texmf-dist/tex/generic/pgf/math/pgfmathfunctions.trigonometric.code.tex) (/usr/local/texlive/2025/texmf-dist/tex/generic/pgf/math/pgfmathfunctions.random.code.tex) (/usr/local/texlive/2025/texmf-dist/tex/generic/pgf/math/pgfmathfunctions.comparison.code.tex) (/usr/local/texlive/2025/texmf-dist/tex/generic/pgf/math/pgfmathfunctions.base.code.tex) (/usr/local/texlive/2025/texmf-dist/tex/generic/pgf/math/pgfmathfunctions.round.code.tex) (/usr/local/texlive/2025/texmf-dist/tex/generic/pgf/math/pgfmathfunctions.misc.code.tex) (/usr/local/texlive/2025/texmf-dist/tex/generic/pgf/math/pgfmathfunctions.integerarithmetics.code.tex) (/usr/local/texlive/2025/texmf-dist/tex/generic/pgf/math/pgfmathcalc.code.tex) (/usr/local/texlive/2025/texmf-dist/tex/generic/pgf/math/pgfmathfloat.code.tex
\c@pgfmathroundto@lastzeros=\count321
)) (/usr/local/texlive/2025/texmf-dist/tex/generic/pgf/math/pgfint.code.tex) (/usr/local/texlive/2025/texmf-dist/tex/generic/pgf/basiclayer/pgfcorepoints.code.tex
File: pgfcorepoints.code.tex 2023-01-15 v3.1.10 (3.1.10)
\pgf@picminx=\dimen191
\pgf@picmaxx=\dimen192
\pgf@picminy=\dimen193
\pgf@picmaxy=\dimen194
\pgf@pathminx=\dimen195
\pgf@pathmaxx=\dimen196
\pgf@pathminy=\dimen197
\pgf@pathmaxy=\dimen198
\pgf@xx=\dimen199
\pgf@xy=\dimen256
\pgf@yx=\dimen257
\pgf@yy=\dimen258
\pgf@zx=\dimen259
\pgf@zy=\dimen260
) (/usr/local/texlive/2025/texmf-dist/tex/generic/pgf/basiclayer/pgfcorepathconstruct.code.tex
File: pgfcorepathconstruct.code.tex 2023-01-15 v3.1.10 (3.1.10)
\pgf@path@lastx=\dimen261
\pgf@path@lasty=\dimen262
) (/usr/local/texlive/2025/texmf-dist/tex/generic/pgf/basiclayer/pgfcorepathusage.code.tex
File: pgfcorepathusage.code.tex 2023-01-15 v3.1.10 (3.1.10)
\pgf@shorten@end@additional=\dimen263
\pgf@shorten@start@additional=\dimen264
) (/usr/local/texlive/2025/texmf-dist/tex/generic/pgf/basiclayer/pgfcorescopes.code.tex
File: pgfcorescopes.code.tex 2023-01-15 v3.1.10 (3.1.10)
\pgfpic=\box107
\pgf@hbox=\box108
\pgf@layerbox@main=\box109
\pgf@picture@serial@count=\count322
) (/usr/local/texlive/2025/texmf-dist/tex/generic/pgf/basiclayer/pgfcoregraphicstate.code.tex
File: pgfcoregraphicstate.code.tex 2023-01-15 v3.1.10 (3.1.10)
\pgflinewidth=\dimen265
) (/usr/local/texlive/2025/texmf-dist/tex/generic/pgf/basiclayer/pgfcoretransformations.code.tex
File: pgfcoretransformations.code.tex 2023-01-15 v3.1.10 (3.1.10)
\pgf@pt@x=\dimen266
\pgf@pt@y=\dimen267
\pgf@pt@temp=\dimen268
) (/usr/local/texlive/2025/texmf-dist/tex/generic/pgf/basiclayer/pgfcorequick.code.tex
File: pgfcorequick.code.tex 2023-01-15 v3.1.10 (3.1.10)
) (/usr/local/texlive/2025/texmf-dist/tex/generic/pgf/basiclayer/pgfcoreobjects.code.tex
File: pgfcoreobjects.code.tex 2023-01-15 v3.1.10 (3.1.10)
) (/usr/local/texlive/2025/texmf-dist/tex/generic/pgf/basiclayer/pgfcorepathprocessing.code.tex
File: pgfcorepathprocessing.code.tex 2023-01-15 v3.1.10 (3.1.10)
) (/usr/local/texlive/2025/texmf-dist/tex/generic/pgf/basiclayer/pgfcorearrows.code.tex
File: pgfcorearrows.code.tex 2023-01-15 v3.1.10 (3.1.10)
\pgfarrowsep=\dimen269
) (/usr/local/texlive/2025/texmf-dist/tex/generic/pgf/basiclayer/pgfcoreshade.code.tex
File: pgfcoreshade.code.tex 2023-01-15 v3.1.10 (3.1.10)
\pgf@max=\dimen270
\pgf@sys@shading@range@num=\count323
\pgf@shadingcount=\count324
)
(/usr/local/texlive/2025/texmf-dist/tex/generic/pgf/basiclayer/pgfcoreimage.code.tex
File: pgfcoreimage.code.tex 2023-01-15 v3.1.10 (3.1.10)
) (/usr/local/texlive/2025/texmf-dist/tex/generic/pgf/basiclayer/pgfcoreexternal.code.tex
File: pgfcoreexternal.code.tex 2023-01-15 v3.1.10 (3.1.10)
\pgfexternal@startupbox=\box110
) (/usr/local/texlive/2025/texmf-dist/tex/generic/pgf/basiclayer/pgfcorelayers.code.tex
File: pgfcorelayers.code.tex 2023-01-15 v3.1.10 (3.1.10)
) (/usr/local/texlive/2025/texmf-dist/tex/generic/pgf/basiclayer/pgfcoretransparency.code.tex
File: pgfcoretransparency.code.tex 2023-01-15 v3.1.10 (3.1.10)
) (/usr/local/texlive/2025/texmf-dist/tex/generic/pgf/basiclayer/pgfcorepatterns.code.tex
File: pgfcorepatterns.code.tex 2023-01-15 v3.1.10 (3.1.10)
) (/usr/local/texlive/2025/texmf-dist/tex/generic/pgf/basiclayer/pgfcorerdf.code.tex
File: pgfcorerdf.code.tex 2023-01-15 v3.1.10 (3.1.10)
))) (/usr/local/texlive/2025/texmf-dist/tex/generic/pgf/modules/pgfmoduleshapes.code.tex
File: pgfmoduleshapes.code.tex 2023-01-15 v3.1.10 (3.1.10)
\pgfnodeparttextbox=\box111
) (/usr/local/texlive/2025/texmf-dist/tex/generic/pgf/modules/pgfmoduleplot.code.tex
File: pgfmoduleplot.code.tex 2023-01-15 v3.1.10 (3.1.10)
) (/usr/local/texlive/2025/texmf-dist/tex/latex/pgf/compatibility/pgfcomp-version-0-65.sty
Package: pgfcomp-version-0-65 2023-01-15 v3.1.10 (3.1.10)
\pgf@nodesepstart=\dimen271
\pgf@nodesepend=\dimen272
) (/usr/local/texlive/2025/texmf-dist/tex/latex/pgf/compatibility/pgfcomp-version-1-18.sty
Package: pgfcomp-version-1-18 2023-01-15 v3.1.10 (3.1.10)
)) (/usr/local/texlive/2025/texmf-dist/tex/latex/pgf/utilities/pgffor.sty (/usr/local/texlive/2025/texmf-dist/tex/latex/pgf/utilities/pgfkeys.sty (/usr/local/texlive/2025/texmf-dist/tex/generic/pgf/utilities/pgfkeys.code.tex)) (/usr/local/texlive/2025/texmf-dist/tex/latex/pgf/math/pgfmath.sty (/usr/local/texlive/2025/texmf-dist/tex/generic/pgf/math/pgfmath.code.tex)) (/usr/local/texlive/2025/texmf-dist/tex/generic/pgf/utilities/pgffor.code.tex
Package: pgffor 2023-01-15 v3.1.10 (3.1.10)
\pgffor@iter=\dimen273
\pgffor@skip=\dimen274
\pgffor@stack=\toks35
\pgffor@toks=\toks36
)) (/usr/local/texlive/2025/texmf-dist/tex/generic/pgf/frontendlayer/tikz/tikz.code.tex
Package: tikz 2023-01-15 v3.1.10 (3.1.10)
 (/usr/local/texlive/2025/texmf-dist/tex/generic/pgf/libraries/pgflibraryplothandlers.code.tex
File: pgflibraryplothandlers.code.tex 2023-01-15 v3.1.10 (3.1.10)
\pgf@plot@mark@count=\count325
\pgfplotmarksize=\dimen275
)
\tikz@lastx=\dimen276
\tikz@lasty=\dimen277
\tikz@lastxsaved=\dimen278
\tikz@lastysaved=\dimen279
\tikz@lastmovetox=\dimen280
\tikz@lastmovetoy=\dimen281
\tikzleveldistance=\dimen282
\tikzsiblingdistance=\dimen283
\tikz@figbox=\box112
\tikz@figbox@bg=\box113
\tikz@tempbox=\box114
\tikz@tempbox@bg=\box115
\tikztreelevel=\count326
\tikznumberofchildren=\count327
\tikznumberofcurrentchild=\count328
\tikz@fig@count=\count329
 (/usr/local/texlive/2025/texmf-dist/tex/generic/pgf/modules/pgfmodulematrix.code.tex
File: pgfmodulematrix.code.tex 2023-01-15 v3.1.10 (3.1.10)
\pgfmatrixcurrentrow=\count330
\pgfmatrixcurrentcolumn=\count331
\pgf@matrix@numberofcolumns=\count332
)
\tikz@expandcount=\count333
 (/usr/local/texlive/2025/texmf-dist/tex/generic/pgf/frontendlayer/tikz/libraries/tikzlibrarytopaths.code.tex
File: tikzlibrarytopaths.code.tex 2023-01-15 v3.1.10 (3.1.10)
))) (/usr/local/texlive/2025/texmf-dist/tex/generic/pgf/frontendlayer/tikz/libraries/tikzlibrarymindmap.code.tex
File: tikzlibrarymindmap.code.tex 2023-01-15 v3.1.10 (3.1.10)
 (/usr/local/texlive/2025/texmf-dist/tex/generic/pgf/frontendlayer/tikz/libraries/tikzlibrarytrees.code.tex
File: tikzlibrarytrees.code.tex 2023-01-15 v3.1.10 (3.1.10)
)
(/usr/local/texlive/2025/texmf-dist/tex/generic/pgf/frontendlayer/tikz/libraries/tikzlibrarydecorations.code.tex (/usr/local/texlive/2025/texmf-dist/tex/generic/pgf/modules/pgfmoduledecorations.code.tex
\pgfdecoratedcompleteddistance=\dimen284
\pgfdecoratedremainingdistance=\dimen285
\pgfdecoratedinputsegmentcompleteddistance=\dimen286
\pgfdecoratedinputsegmentremainingdistance=\dimen287
\pgf@decorate@distancetomove=\dimen288
\pgf@decorate@repeatstate=\count334
\pgfdecorationsegmentamplitude=\dimen289
\pgfdecorationsegmentlength=\dimen290
)
\tikz@lib@dec@box=\box116
)) (/usr/local/texlive/2025/texmf-dist/tex/latex/booktabs/booktabs.sty
Package: booktabs 2020/01/12 v1.61803398 Publication quality tables
\heavyrulewidth=\dimen291
\lightrulewidth=\dimen292
\cmidrulewidth=\dimen293
\belowrulesep=\dimen294
\belowbottomsep=\dimen295
\aboverulesep=\dimen296
\abovetopsep=\dimen297
\cmidrulesep=\dimen298
\cmidrulekern=\dimen299
\defaultaddspace=\dimen300
\@cmidla=\count335
\@cmidlb=\count336
\@aboverulesep=\dimen301
\@belowrulesep=\dimen302
\@thisruleclass=\count337
\@lastruleclass=\count338
\@thisrulewidth=\dimen303
) (/usr/local/texlive/2025/texmf-dist/tex/latex/tools/tabularx.sty
Package: tabularx 2023/12/11 v2.12a `tabularx' package (DPC)
\TX@col@width=\dimen304
\TX@old@table=\dimen305
\TX@old@col=\dimen306
\TX@target=\dimen307
\TX@delta=\dimen308
\TX@cols=\count339
\TX@ftn=\toks37
) (/usr/local/texlive/2025/texmf-dist/tex/latex/multirow/multirow.sty
Package: multirow 2024/11/12 v2.9 Span multiple rows of a table
\multirow@colwidth=\skip102
\multirow@cntb=\count340
\multirow@dima=\skip103
\bigstrutjot=\dimen309
) (/usr/local/texlive/2025/texmf-dist/tex/latex/amsmath/amsmath.sty
Package: amsmath 2024/11/05 v2.17t AMS math features
\@mathmargin=\skip104

For additional information on amsmath, use the `?' option.
(/usr/local/texlive/2025/texmf-dist/tex/latex/amsmath/amstext.sty
Package: amstext 2021/08/26 v2.01 AMS text
 (/usr/local/texlive/2025/texmf-dist/tex/latex/amsmath/amsgen.sty
File: amsgen.sty 1999/11/30 v2.0 generic functions
\@emptytoks=\toks38
\ex@=\dimen310
)) (/usr/local/texlive/2025/texmf-dist/tex/latex/amsmath/amsbsy.sty
Package: amsbsy 1999/11/29 v1.2d Bold Symbols
\pmbraise@=\dimen311
) (/usr/local/texlive/2025/texmf-dist/tex/latex/amsmath/amsopn.sty
Package: amsopn 2022/04/08 v2.04 operator names
)
\inf@bad=\count341
LaTeX Info: Redefining \frac on input line 233.
\uproot@=\count342
\leftroot@=\count343
LaTeX Info: Redefining \overline on input line 398.
LaTeX Info: Redefining \colon on input line 409.
\classnum@=\count344
\DOTSCASE@=\count345
LaTeX Info: Redefining \ldots on input line 495.
LaTeX Info: Redefining \dots on input line 498.
LaTeX Info: Redefining \cdots on input line 619.
\Mathstrutbox@=\box117
\strutbox@=\box118
LaTeX Info: Redefining \big on input line 721.
LaTeX Info: Redefining \Big on input line 722.
LaTeX Info: Redefining \bigg on input line 723.
LaTeX Info: Redefining \Bigg on input line 724.
\big@size=\dimen312
LaTeX Font Info:    Redeclaring font encoding OML on input line 742.
LaTeX Font Info:    Redeclaring font encoding OMS on input line 743.
\macc@depth=\count346
LaTeX Info: Redefining \bmod on input line 904.
LaTeX Info: Redefining \pmod on input line 909.
LaTeX Info: Redefining \smash on input line 939.
LaTeX Info: Redefining \relbar on input line 969.
LaTeX Info: Redefining \Relbar on input line 970.
\c@MaxMatrixCols=\count347
\dotsspace@=\muskip18
\c@parentequation=\count348
\dspbrk@lvl=\count349
\tag@help=\toks39
\row@=\count350
\column@=\count351
\maxfields@=\count352
\andhelp@=\toks40
\eqnshift@=\dimen313
\alignsep@=\dimen314
\tagshift@=\dimen315
\tagwidth@=\dimen316
\totwidth@=\dimen317
\lineht@=\dimen318
\@envbody=\toks41
\multlinegap=\skip105
\multlinetaggap=\skip106
\mathdisplay@stack=\toks42
LaTeX Info: Redefining \[ on input line 2953.
LaTeX Info: Redefining \] on input line 2954.
) (/usr/local/texlive/2025/texmf-dist/tex/latex/fancyvrb/fancyvrb.sty
Package: fancyvrb 2024/01/20 4.5c verbatim text (tvz,hv)
\FV@CodeLineNo=\count353
\FV@InFile=\read4
\FV@TabBox=\box119
\c@FancyVerbLine=\count354
\FV@StepNumber=\count355
\FV@OutFile=\write4
) (/usr/local/texlive/2025/texmf-dist/tex/latex/tools/xspace.sty
Package: xspace 2014/10/28 v1.13 Space after command names (DPC,MH)
) (/usr/local/texlive/2025/texmf-dist/tex/latex/units/units.sty
Package: units 1998/08/04 v0.9b Typesetting units
 (/usr/local/texlive/2025/texmf-dist/tex/latex/units/nicefrac.sty
Package: nicefrac 1998/08/04 v0.9b Nice fractions
\L@UnitsRaiseDisplaystyle=\skip107
\L@UnitsRaiseTextstyle=\skip108
\L@UnitsRaiseScriptstyle=\skip109
)) (/usr/local/texlive/2025/texmf-dist/tex/latex/base/makeidx.sty
Package: makeidx 2021/10/04 v1.0m Standard LaTeX package
)
\@indexfile=\write5
\openout5 = `gnc-book.idx'.


Writing index file gnc-book.idx
(./gnc-book.aux)
\openout1 = `gnc-book.aux'.

LaTeX Font Info:    Checking defaults for OML/cmm/m/it on input line 180.
LaTeX Font Info:    ... okay on input line 180.
LaTeX Font Info:    Checking defaults for OMS/cmsy/m/n on input line 180.
LaTeX Font Info:    ... okay on input line 180.
LaTeX Font Info:    Checking defaults for OT1/cmr/m/n on input line 180.
LaTeX Font Info:    ... okay on input line 180.
LaTeX Font Info:    Checking defaults for T1/cmr/m/n on input line 180.
LaTeX Font Info:    ... okay on input line 180.
LaTeX Font Info:    Checking defaults for TS1/cmr/m/n on input line 180.
LaTeX Font Info:    ... okay on input line 180.
LaTeX Font Info:    Checking defaults for OMX/cmex/m/n on input line 180.
LaTeX Font Info:    ... okay on input line 180.
LaTeX Font Info:    Checking defaults for U/cmr/m/n on input line 180.
LaTeX Font Info:    ... okay on input line 180.
LaTeX Font Info:    Checking defaults for PD1/pdf/m/n on input line 180.
LaTeX Font Info:    ... okay on input line 180.
LaTeX Font Info:    Checking defaults for PU/pdf/m/n on input line 180.
LaTeX Font Info:    ... okay on input line 180.
Package hyperref Info: Link coloring ON on input line 180.
 (./gnc-book.out) (./gnc-book.out)
\@outlinefile=\write6
\openout6 = `gnc-book.out'.


*geometry* driver: auto-detecting
*geometry* detected driver: pdftex
*geometry* verbose mode - [ preamble ] result:
* driver: pdftex
* paper: letterpaper
* layout: <same size as paper>
* layoutoffset:(h,v)=(0.0pt,0.0pt)
* modes: twoside asymmetric 
* h-part:(L,W,R)=(72.26999pt, 312.0pt, 230.02501pt)
* v-part:(T,H,B)=(72.26999pt, 616.0pt, 106.7pt)
* \paperwidth=614.295pt
* \paperheight=794.96999pt
* \textwidth=312.0pt
* \textheight=616.0pt
* \oddsidemargin=0.0pt
* \evensidemargin=0.0pt
* \topmargin=-42.0pt
* \headheight=14.0pt
* \headsep=28.0pt
* \topskip=10.0pt
* \footskip=25.29494pt
* \marginparwidth=144.0pt
* \marginparsep=24.0pt
* \columnsep=10.0pt
* \skip\footins=9.0pt plus 4.0pt minus 2.0pt
* \hoffset=0.0pt
* \voffset=0.0pt
* \mag=1000
* \@twocolumnfalse
* \@twosidetrue
* \@mparswitchfalse
* \@reversemarginfalse
* (1in=72.27pt=25.4mm, 1cm=28.453pt)

\langwohyphens=\language91
(/usr/local/texlive/2025/texmf-dist/tex/context/base/mkii/supp-pdf.mkii
[Loading MPS to PDF converter (version 2006.09.02).]
\scratchcounter=\count356
\scratchdimen=\dimen319
\scratchbox=\box120
\nofMPsegments=\count357
\nofMParguments=\count358
\everyMPshowfont=\toks43
\MPscratchCnt=\count359
\MPscratchDim=\dimen320
\MPnumerator=\count360
\makeMPintoPDFobject=\count361
\everyMPtoPDFconversion=\toks44
) (/usr/local/texlive/2025/texmf-dist/tex/latex/epstopdf-pkg/epstopdf-base.sty
Package: epstopdf-base 2020-01-24 v2.11 Base part for package epstopdf
Package epstopdf-base Info: Redefining graphics rule for `.eps' on input line 485.
 (/usr/local/texlive/2025/texmf-dist/tex/latex/latexconfig/epstopdf-sys.cfg
File: epstopdf-sys.cfg 2010/07/13 v1.3 Configuration of (r)epstopdf for TeX Live
))

[1


]
LaTeX Font Info:    Trying to load font information for T1+phv on input line 196.
 (/usr/local/texlive/2025/texmf-dist/tex/latex/psnfss/t1phv.fd
File: t1phv.fd 2020/03/25 scalable font definitions for T1/phv.
)
LaTeX Font Info:    Font shape `T1/phv/m/n' will be
(Font)              scaled to size 8.99994pt on input line 196.
LaTeX Font Info:    Font shape `T1/phv/m/n' will be
(Font)              scaled to size 9.85492pt on input line 196.

Overfull \hbox (7.34093pt too wide) in paragraph at lines 202--202
[]\T1/phv/m/n/10.95/200ls A DE-SIGNER KNOWS THAT HE HAS ACHIEVED PER-FEC-TION NOT WHEN THERE 
 []



[2{/usr/local/texlive/2025/texmf-var/fonts/map/pdftex/updmap/pdftex.map}{/usr/local/texlive/2025/texmf-dist/fonts/enc/dvips/base/8r.enc}]
LaTeX Font Info:    Font shape `T1/phv/m/n' will be
(Font)              scaled to size 16.19989pt on input line 215.
LaTeX Font Info:    Font shape `T1/phv/m/n' will be
(Font)              scaled to size 32.39978pt on input line 215.
LaTeX Font Info:    Font shape `T1/phv/m/n' will be
(Font)              scaled to size 12.59991pt on input line 215.


[3

]
LaTeX Font Info:    Trying to load font information for TS1+pplj on input line 225.
 (/usr/local/texlive/2025/texmf-dist/tex/latex/psnfss/ts1pplj.fd
File: ts1pplj.fd 2004/09/06 font definitions for TS1/pplj.
)
LaTeX Font Info:    Trying to load font information for T1+fvm on input line 233.
 (/usr/local/texlive/2025/texmf-dist/tex/latex/bera/t1fvm.fd
File: t1fvm.fd 2004/09/07 scalable font definitions for T1/fvm.
)
LaTeX Font Info:    Font shape `T1/fvm/m/n' will be
(Font)              scaled to size 8.50006pt on input line 233.
LaTeX Font Info:    Trying to load font information for OT1+pplx on input line 233.
 (/usr/local/texlive/2025/texmf-dist/tex/latex/psnfss/ot1pplx.fd
File: ot1pplx.fd 2004/09/06 font definitions for OT1/pplx.
)
LaTeX Font Info:    Trying to load font information for OML+zplm on input line 233.
 (/usr/local/texlive/2025/texmf-dist/tex/latex/psnfss/omlzplm.fd
File: omlzplm.fd 2002/09/08 Fontinst v1.914 font definitions for OML/zplm.
)
LaTeX Font Info:    Trying to load font information for OMS+zplm on input line 233.
 (/usr/local/texlive/2025/texmf-dist/tex/latex/psnfss/omszplm.fd
File: omszplm.fd 2002/09/08 Fontinst v1.914 font definitions for OMS/zplm.
)
LaTeX Font Info:    Trying to load font information for OMX+zplm on input line 233.
 (/usr/local/texlive/2025/texmf-dist/tex/latex/psnfss/omxzplm.fd
File: omxzplm.fd 2002/09/08 Fontinst v1.914 font definitions for OMX/zplm.
)
LaTeX Font Info:    Trying to load font information for OT1+zplm on input line 233.
 (/usr/local/texlive/2025/texmf-dist/tex/latex/psnfss/ot1zplm.fd
File: ot1zplm.fd 2002/09/08 Fontinst v1.914 font definitions for OT1/zplm.
)

[4

] (./gnc-book.toc

[5

])
\tf@toc=\write7
\openout7 = `gnc-book.toc'.



[6] (./gnc-book.lof)
\tf@lof=\write8
\openout8 = `gnc-book.lof'.



[7

]

[8

] (./gnc-book.lot
Overfull \hbox (58.32143pt too wide) in paragraph at lines 5--5
 [][] [][][]\T1/pplj/m/n/10 A list of L[]T[]X font sizes as de-fined by the Tufte-L[]T[]X doc-u-ment classes.[][] 47 
 []


Overfull \hbox (2.00974pt too wide) in paragraph at lines 9--9
 [][] [][][]\T1/pplj/m/n/10 Here are the di-men-sions of the var-i-ous mar-gins used in the Tufte-
 []

)
\tf@lot=\write9
\openout9 = `gnc-book.lot'.



[9]

[10

]
LaTeX Font Info:    Calculating math sizes for size <18> on input line 256.

Overfull \hbox (94.52998pt too wide) in paragraph at lines 254--259
\T1/pplj/m/it/18 and the work of [] and [].  
 []



[11]

[12

]

[13]

[14

] (./mathematics/mathematics.tex

[15

]

[16] (./mathematics/thesaurus.tex

[17]

[18

]) (./mathematics/james_stewart_precalculus/fundamentals/fundamentals.tex

[19]

[20

] (./mathematics/james_stewart_precalculus/fundamentals/real_numbers/real_numbers.tex (./mathematics/james_stewart_precalculus/fundamentals/real_numbers/ankicards/real_numbers_overview.tex
Underfull \hbox (badness 10000) in paragraph at lines 62--62
[]|\T1/pplj/m/n/9 What are the prop-er-ties of real num-bers? (Com-mu-ta-tive, As-so-cia-tive, Dis-
 []


Overfull \hbox (12.0pt too wide) in alignment at lines 62--62
[] 
 []


Overfull \hbox (12.0pt too wide) in alignment at lines 74--74
[] 
 []

) (./mathematics/james_stewart_precalculus/fundamentals/real_numbers/ankicards/number_sets_structure.tex
Underfull \hbox (badness 10000) in paragraph at lines 62--3
 
 []


Overfull \hbox (12.0pt too wide) in alignment at lines 13--13
[] 
 []

(/usr/local/texlive/2025/texmf-dist/tex/latex/psnfss/ufplmbb.fd)
Overfull \hbox (12.0pt too wide) in alignment at lines 39--39
[] 
 []

) (./mathematics/james_stewart_precalculus/fundamentals/real_numbers/ankicards/natural_numbers.tex
Underfull \hbox (badness 10000) in paragraph at lines 13--3
 
 []


Underfull \vbox (badness 10000) has occurred while \output is active []



[21]
Overfull \hbox (12.0pt too wide) in alignment at lines 14--14
[] 
 []


Overfull \hbox (12.0pt too wide) in alignment at lines 26--26
[] 
 []

) (./mathematics/james_stewart_precalculus/fundamentals/real_numbers/ankicards/integers.tex
Underfull \hbox (badness 10000) in paragraph at lines 14--3
 
 []


Overfull \hbox (12.0pt too wide) in alignment at lines 14--14
[] 
 []


Overfull \hbox (12.0pt too wide) in alignment at lines 25--25
[] 
 []

) (./mathematics/james_stewart_precalculus/fundamentals/real_numbers/ankicards/rational_numbers.tex
Underfull \hbox (badness 10000) in paragraph at lines 14--3
 
 []


Overfull \hbox (12.0pt too wide) in alignment at lines 14--14
[] 
 []


Overfull \hbox (12.0pt too wide) in alignment at lines 26--26
[] 
 []

) (./mathematics/james_stewart_precalculus/fundamentals/real_numbers/ankicards/irrational_numbers.tex
Underfull \hbox (badness 10000) in paragraph at lines 14--3
 
 []


Overfull \hbox (12.0pt too wide) in alignment at lines 14--14
[] 
 []


Overfull \hbox (12.0pt too wide) in alignment at lines 26--26
[] 
 []

) (./mathematics/james_stewart_precalculus/fundamentals/real_numbers/ankicards/properties_of_real_numbers.tex
Underfull \hbox (badness 10000) in paragraph at lines 14--3
 
 []


Overfull \hbox (12.0pt too wide) in alignment at lines 13--13
[] 
 []


Underfull \hbox (badness 10000) in paragraph at lines 13--15
 
 []


Overfull \hbox (12.0pt too wide) in alignment at lines 52--52
[] 
 []

) (./mathematics/james_stewart_precalculus/fundamentals/real_numbers/ankicards/addition_subtraction.tex
Overfull \hbox (12.0pt too wide) in paragraph at lines 52--3
[][] 
 []


Underfull \hbox (badness 10000) in paragraph at lines 52--3
 
 []


Underfull \vbox (badness 1132) has occurred while \output is active []



[22]
Overfull \hbox (12.0pt too wide) in alignment at lines 13--13
[] 
 []


Underfull \hbox (badness 10000) in paragraph at lines 13--16
 
 []


Overfull \hbox (12.0pt too wide) in alignment at lines 52--52
[] 
 []

) (./mathematics/james_stewart_precalculus/fundamentals/real_numbers/ankicards/multiplication_and_division.tex
Overfull \hbox (12.0pt too wide) in paragraph at lines 52--3
[][] 
 []


Underfull \hbox (badness 10000) in paragraph at lines 52--3
 
 []


Overfull \hbox (12.0pt too wide) in alignment at lines 13--13
[] 
 []


Underfull \hbox (badness 10000) in paragraph at lines 13--16
 
 []


Overfull \hbox (12.0pt too wide) in alignment at lines 63--63
[] 
 []

) (./mathematics/james_stewart_precalculus/fundamentals/real_numbers/ankicards/real_line.tex
Overfull \hbox (12.0pt too wide) in paragraph at lines 63--3
[][] 
 []


Underfull \hbox (badness 10000) in paragraph at lines 63--3
 
 []


Overfull \hbox (12.0pt too wide) in alignment at lines 13--13
[] 
 []


Underfull \hbox (badness 10000) in paragraph at lines 13--16
 
 []


Underfull \hbox (badness 10000) in paragraph at lines 42--42
[]|\T1/pplj/m/n/9 the real num-bers are or-dered in the
 []


Overfull \hbox (24.0pt too wide) in alignment at lines 42--42
[][] 
 []

) (./mathematics/james_stewart_precalculus/fundamentals/real_numbers/ankicards/sets_and_intervals.tex
Overfull \hbox (12.0pt too wide) in paragraph at lines 42--3
[][] 
 []


Underfull \hbox (badness 10000) in paragraph at lines 42--3
 
 []



[23]
Overfull \hbox (12.0pt too wide) in alignment at lines 14--14
[] 
 []


Underfull \hbox (badness 10000) in paragraph at lines 14--18
 
 []


Overfull \hbox (24.0pt too wide) in alignment at lines 48--48
[][] 
 []

) (./mathematics/james_stewart_precalculus/fundamentals/real_numbers/ankicards/intervals.tex
Overfull \hbox (12.0pt too wide) in paragraph at lines 48--3
[][] 
 []


Underfull \hbox (badness 10000) in paragraph at lines 48--3
 
 []


Overfull \hbox (12.0pt too wide) in alignment at lines 13--13
[] 
 []


Underfull \hbox (badness 10000) in paragraph at lines 13--17
 
 []


Overfull \hbox (36.0pt too wide) in alignment at lines 190--190
[][][] 
 []

) (./mathematics/james_stewart_precalculus/fundamentals/real_numbers/ankicards/absolute_value.tex
Overfull \hbox (12.0pt too wide) in paragraph at lines 190--3
[][] 
 []


Underfull \hbox (badness 10000) in paragraph at lines 190--3
 
 []


Underfull \vbox (badness 10000) has occurred while \output is active []



[24]
Overfull \hbox (12.0pt too wide) in alignment at lines 14--14
[] 
 []


Underfull \hbox (badness 10000) in paragraph at lines 14--17
 
 []


Underfull \hbox (badness 10000) in paragraph at lines 71--71
[]|\T1/pplj/m/n/9 The ab-so-lute value of a num-ber is al-ways
 []


Underfull \hbox (badness 10000) in paragraph at lines 71--71
[]|\T1/pplj/m/n/9 A num-ber and its neg-a-tive have the same
 []


Underfull \hbox (badness 10000) in paragraph at lines 71--71
[]|\T1/pplj/m/n/9 The ab-so-lute value of a prod-uct is the prod-uct
 []


Underfull \hbox (badness 10000) in paragraph at lines 71--71
[]|\T1/pplj/m/n/9 The ab-so-lute value of a quo-tient is the quo-
 []


Overfull \hbox (24.0pt too wide) in alignment at lines 71--71
[][] 
 []


Overfull \hbox (12.0pt too wide) in paragraph at lines 71--73
[][] 
 []


Underfull \hbox (badness 10000) in paragraph at lines 71--73
 
 []

) (./mathematics/james_stewart_precalculus/fundamentals/real_numbers/ankicards/distance_between_points.tex
Overfull \hbox (12.0pt too wide) in alignment at lines 12--12
[] 
 []


Underfull \hbox (badness 10000) in paragraph at lines 12--15
 
 []


Overfull \hbox (24.0pt too wide) in alignment at lines 46--46
[][] 
 []

)) (./mathematics/james_stewart_precalculus/fundamentals/exponents_and_radicals/exponents_and_radicals.tex
Overfull \hbox (12.0pt too wide) in paragraph at lines 46--1
[][] 
 []


Underfull \hbox (badness 10000) in paragraph at lines 46--1
 
 []



[25] (./mathematics/james_stewart_precalculus/fundamentals/exponents_and_radicals/ankicards/overview.tex
Underfull \hbox (badness 10000) in paragraph at lines 57--57
[]|\T1/pplj/m/n/9 How to use the laws of Ex-po-nents to sim-plify ex-pres-sions and ex-pres-sions
 []


Overfull \hbox (12.0pt too wide) in alignment at lines 57--57
[] 
 []


Underfull \hbox (badness 10000) in paragraph at lines 57--59
 
 []


Overfull \hbox (12.0pt too wide) in alignment at lines 69--69
[] 
 []


Overfull \hbox (12.0pt too wide) in paragraph at lines 69--71
[][] 
 []


Underfull \hbox (badness 10000) in paragraph at lines 69--71
 
 []

) (./mathematics/james_stewart_precalculus/fundamentals/exponents_and_radicals/ankicards/integer_exponents.tex
Overfull \hbox (12.0pt too wide) in alignment at lines 13--13
[] 
 []


Underfull \hbox (badness 10000) in paragraph at lines 13--15
 
 []


Overfull \hbox (12.0pt too wide) in alignment at lines 31--31
[] 
 []


Overfull \hbox (12.0pt too wide) in paragraph at lines 31--33
[][] 
 []


Underfull \hbox (badness 10000) in paragraph at lines 31--33
 
 []

) (./mathematics/james_stewart_precalculus/fundamentals/exponents_and_radicals/ankicards/zero_and_negative_exponents.tex
Overfull \hbox (12.0pt too wide) in alignment at lines 15--15
[] 
 []


Underfull \hbox (badness 10000) in paragraph at lines 15--17
 
 []


Overfull \hbox (12.0pt too wide) in alignment at lines 28--28
[] 
 []


Overfull \hbox (12.0pt too wide) in paragraph at lines 28--30
[][] 
 []


Underfull \hbox (badness 10000) in paragraph at lines 28--30
 
 []



[26]) (./mathematics/james_stewart_precalculus/fundamentals/exponents_and_radicals/ankicards/laws_of_exponents.tex
Overfull \hbox (12.0pt too wide) in alignment at lines 16--16
[] 
 []


Underfull \hbox (badness 10000) in paragraph at lines 16--19
 
 []


Overfull \hbox (24.0pt too wide) in alignment at lines 62--62
[][] 
 []

) (./mathematics/james_stewart_precalculus/fundamentals/exponents_and_radicals/ankicards/simplify_expressions.tex
Overfull \hbox (12.0pt too wide) in paragraph at lines 62--3
[][] 
 []


Underfull \hbox (badness 10000) in paragraph at lines 62--3
 
 []


Underfull \hbox (badness 10000) in paragraph at lines 16--16
[]|\T1/pplj/m/n/9 How to use the laws of Ex-po-nents to sim-plify ex-pres-sions and ex-pres-sions
 []


Overfull \hbox (12.0pt too wide) in alignment at lines 16--16
[] 
 []


Underfull \hbox (badness 10000) in paragraph at lines 16--18
 
 []


Overfull \hbox (12.0pt too wide) in alignment at lines 45--45
[] 
 []

) (./mathematics/james_stewart_precalculus/fundamentals/exponents_and_radicals/ankicards/scientific_notation.tex
Overfull \hbox (12.0pt too wide) in paragraph at lines 45--3
[][] 
 []


Underfull \hbox (badness 10000) in paragraph at lines 45--3
 
 []


Overfull \hbox (12.0pt too wide) in alignment at lines 13--13
[] 
 []


Overfull \hbox (12.0pt too wide) in paragraph at lines 13--16
[][] 
 []


Underfull \hbox (badness 10000) in paragraph at lines 13--16
 
 []



[27]
Overfull \hbox (24.0pt too wide) in alignment at lines 32--32
[][] 
 []

) (./mathematics/james_stewart_precalculus/fundamentals/exponents_and_radicals/ankicards/radicals.tex
Overfull \hbox (12.0pt too wide) in alignment at lines 13--13
[] 
 []


Overfull \hbox (12.0pt too wide) in paragraph at lines 32--15
[][] 
 []


Underfull \hbox (badness 10000) in paragraph at lines 32--15
 
 []


Overfull \hbox (10.74861pt too wide) in paragraph at lines 32--32
|[] []
 []


Overfull \hbox (12.0pt too wide) in alignment at lines 32--32
[] 
 []


Overfull \hbox (12.0pt too wide) in paragraph at lines 32--34
[][] 
 []


Underfull \hbox (badness 10000) in paragraph at lines 32--34
 
 []

) (./mathematics/james_stewart_precalculus/fundamentals/exponents_and_radicals/ankicards/roots.tex
Overfull \hbox (12.0pt too wide) in alignment at lines 14--14
[] 
 []


Overfull \hbox (12.0pt too wide) in paragraph at lines 14--17
[][] 
 []


Underfull \hbox (badness 10000) in paragraph at lines 14--17
 
 []


Overfull \hbox (24.0pt too wide) in alignment at lines 47--47
[][] 
 []

) (./mathematics/james_stewart_precalculus/fundamentals/exponents_and_radicals/ankicards/combining_radicals.tex
Overfull \hbox (12.0pt too wide) in alignment at lines 13--13
[] 
 []


Overfull \hbox (12.0pt too wide) in paragraph at lines 47--15
[][] 
 []


Underfull \hbox (badness 10000) in paragraph at lines 47--15
 
 []


Overfull \hbox (12.0pt too wide) in alignment at lines 38--38
[] 
 []


Overfull \hbox (12.0pt too wide) in paragraph at lines 38--40
[][] 
 []


Underfull \hbox (badness 10000) in paragraph at lines 38--40
 
 []

) (./mathematics/james_stewart_precalculus/fundamentals/exponents_and_radicals/ankicards/rational_exponents_and_definition.tex
Overfull \hbox (12.0pt too wide) in alignment at lines 12--12
[] 
 []


Overfull \hbox (12.0pt too wide) in paragraph at lines 12--14
[][] 
 []


Underfull \hbox (badness 10000) in paragraph at lines 12--14
 
 []


Overfull \hbox (12.0pt too wide) in alignment at lines 32--32
[] 
 []


Overfull \hbox (12.0pt too wide) in paragraph at lines 32--34
[][] 
 []


Underfull \hbox (badness 10000) in paragraph at lines 32--34
 
 []

) (./mathematics/james_stewart_precalculus/fundamentals/exponents_and_radicals/ankicards/rationalizing_denominator.tex
Overfull \hbox (12.0pt too wide) in alignment at lines 15--15
[] 
 []


Underfull \hbox (badness 10000) in paragraph at lines 15--17
 
 []


Underfull \vbox (badness 10000) has occurred while \output is active []



[28]
Overfull \hbox (12.0pt too wide) in alignment at lines 30--30
[] 
 []


Overfull \hbox (12.0pt too wide) in paragraph at lines 30--32
[][] 
 []


Underfull \hbox (badness 10000) in paragraph at lines 30--32
 
 []

)) (./mathematics/james_stewart_precalculus/fundamentals/algebraic_expressions/algebraic_expressions.tex (./mathematics/james_stewart_precalculus/fundamentals/algebraic_expressions/ankicards/overview.tex
Overfull \hbox (12.0pt too wide) in alignment at lines 33--33
[] 
 []


Overfull \hbox (12.0pt too wide) in alignment at lines 46--46
[] 
 []

) (./mathematics/james_stewart_precalculus/fundamentals/algebraic_expressions/ankicards/polynomials.tex
Overfull \hbox (12.0pt too wide) in alignment at lines 13--13
[] 
 []


Underfull \hbox (badness 10000) in paragraph at lines 58--58
[]|\T1/pplj/m/n/9 where $\OML/zplm/m/it/9 a[]\OT1/pplx/m/n/9 , \OML/zplm/m/it/9 a[]\OT1/pplx/m/n/9 , []  , \OML/zplm/m/it/9 a[]$ \T1/pplj/m/n/9 are real num-
 []


Underfull \hbox (badness 10000) in paragraph at lines 58--58
\T1/pplj/m/n/9 bers, and $\OML/zplm/m/it/9 n$ \T1/pplj/m/n/9 is a non-neg-a-tive in-te-ger.
 []


Underfull \hbox (badness 10000) in paragraph at lines 58--58
\T1/pplj/m/n/9 of the poly-no-mial. The mono-mi-als
 []


Underfull \hbox (badness 10000) in paragraph at lines 58--58
\OML/zplm/m/it/9 a[]x[]$ \T1/pplj/m/n/9 that make up the poly-no-mial are
 []


Overfull \hbox (24.0pt too wide) in alignment at lines 58--58
[][] 
 []

) (./mathematics/james_stewart_precalculus/fundamentals/algebraic_expressions/ankicards/adding_subtracting.tex
Underfull \hbox (badness 10000) in paragraph at lines 33--3
 
 []


Overfull \hbox (12.0pt too wide) in alignment at lines 14--14
[] 
 []


Overfull \hbox (12.0pt too wide) in alignment at lines 32--32
[] 
 []

) (./mathematics/james_stewart_precalculus/fundamentals/algebraic_expressions/ankicards/binomial_rules.tex
Underfull \hbox (badness 10000) in paragraph at lines 14--3
 
 []


Overfull \hbox (12.0pt too wide) in alignment at lines 14--14
[] 
 []


Overfull \hbox (24.0pt too wide) in alignment at lines 57--57
[][] 
 []

) (./mathematics/james_stewart_precalculus/fundamentals/algebraic_expressions/ankicards/expanding_factoring.tex
Underfull \hbox (badness 10000) in paragraph at lines 14--3
 
 []



[29]
Overfull \hbox (12.0pt too wide) in alignment at lines 13--13
[] 
 []


Overfull \hbox (12.0pt too wide) in alignment at lines 30--30
[] 
 []

) (./mathematics/james_stewart_precalculus/fundamentals/algebraic_expressions/ankicards/factoring_formulas.tex
Underfull \hbox (badness 10000) in paragraph at lines 13--3
 
 []


Overfull \hbox (12.0pt too wide) in alignment at lines 15--15
[] 
 []


Overfull \hbox (24.0pt too wide) in alignment at lines 60--60
[][] 
 []

)) (./mathematics/james_stewart_precalculus/fundamentals/rational_expressions/rational_expressions.tex
Underfull \hbox (badness 10000) in paragraph at lines 15--1
 
 []

(./mathematics/james_stewart_precalculus/fundamentals/rational_expressions/ankicards/overview.tex
Overfull \hbox (12.0pt too wide) in alignment at lines 26--26
[] 
 []


Overfull \hbox (12.0pt too wide) in alignment at lines 39--39
[] 
 []

) (./mathematics/james_stewart_precalculus/fundamentals/rational_expressions/ankicards/domain.tex
Underfull \hbox (badness 10000) in paragraph at lines 26--3
 
 []



[30]
Overfull \hbox (12.0pt too wide) in alignment at lines 14--14
[] 
 []


Overfull \hbox (24.0pt too wide) in alignment at lines 47--47
[][] 
 []

) (./mathematics/james_stewart_precalculus/fundamentals/rational_expressions/ankicards/finding_domain.tex
Overfull \hbox (12.0pt too wide) in alignment at lines 14--14
[] 
 []


Underfull \hbox (badness 10000) in paragraph at lines 34--34
[]|\T1/pplj/m/n/9 The do-main can-not con-tain val-ues which makes the al-ge-braic ex-pres-sion
 []


Overfull \hbox (12.0pt too wide) in alignment at lines 34--34
[] 
 []

) (./mathematics/james_stewart_precalculus/fundamentals/rational_expressions/ankicards/operations.tex
Underfull \hbox (badness 10000) in paragraph at lines 14--3
 
 []


Overfull \hbox (12.0pt too wide) in alignment at lines 13--13
[] 
 []


Overfull \hbox (24.0pt too wide) in alignment at lines 45--45
[][] 
 []

)) (./mathematics/james_stewart_precalculus/fundamentals/equations/equations.tex (./mathematics/james_stewart_precalculus/fundamentals/equations/ankicards/overview.tex
Overfull \hbox (12.0pt too wide) in alignment at lines 41--41
[] 
 []


Overfull \hbox (12.0pt too wide) in alignment at lines 54--54
[] 
 []

) (./mathematics/james_stewart_precalculus/fundamentals/equations/ankicards/equation.tex
Underfull \hbox (badness 10000) in paragraph at lines 41--3
 
 []


Underfull \vbox (badness 10000) has occurred while \output is active []



[31]
Overfull \hbox (12.0pt too wide) in alignment at lines 13--13
[] 
 []


Overfull \hbox (12.0pt too wide) in alignment at lines 30--30
[] 
 []

) (./mathematics/james_stewart_precalculus/fundamentals/equations/ankicards/properties_of_equation.tex
Underfull \hbox (badness 10000) in paragraph at lines 13--3
 
 []


Overfull \hbox (12.0pt too wide) in alignment at lines 13--13
[] 
 []


Underfull \hbox (badness 10000) in paragraph at lines 44--44
[]|\T1/pplj/m/n/9 Adding the same quan-tity to both
 []


Underfull \hbox (badness 10000) in paragraph at lines 44--44
\T1/pplj/m/n/9 sides of an equa-tion gives and equiv-a-
 []


Underfull \hbox (badness 10000) in paragraph at lines 44--44
[]|\T1/pplj/m/n/9 Multiplying both sides of an equa-tion
 []


Underfull \hbox (badness 10000) in paragraph at lines 44--44
\T1/pplj/m/n/9 by the same nonzero quan-tity gives
 []


Overfull \hbox (24.0pt too wide) in alignment at lines 44--44
[][] 
 []

) (./mathematics/james_stewart_precalculus/fundamentals/equations/ankicards/linear_equation.tex
Underfull \hbox (badness 10000) in paragraph at lines 13--3
 
 []


Overfull \hbox (12.0pt too wide) in alignment at lines 13--13
[] 
 []


Overfull \hbox (3.82764pt too wide) in paragraph at lines 31--31
|[] []
 []


Overfull \hbox (12.0pt too wide) in alignment at lines 31--31
[] 
 []

) (./mathematics/james_stewart_precalculus/fundamentals/equations/ankicards/solving_quadratic_by_factoring.tex
Underfull \hbox (badness 10000) in paragraph at lines 13--3
 
 []



[32]
Overfull \hbox (12.0pt too wide) in alignment at lines 13--13
[] 
 []


Overfull \hbox (12.0pt too wide) in alignment at lines 42--42
[] 
 []

) (./mathematics/james_stewart_precalculus/fundamentals/equations/ankicards/completing_the_square.tex
Underfull \hbox (badness 10000) in paragraph at lines 13--3
 
 []


Overfull \hbox (12.0pt too wide) in alignment at lines 13--13
[] 
 []


Overfull \hbox (12.0pt too wide) in alignment at lines 31--31
[] 
 []

) (./mathematics/james_stewart_precalculus/fundamentals/equations/ankicards/quadratic_formula.tex
Underfull \hbox (badness 10000) in paragraph at lines 13--3
 
 []


Overfull \hbox (12.0pt too wide) in alignment at lines 13--13
[] 
 []


Overfull \hbox (12.0pt too wide) in alignment at lines 28--28
[] 
 []

) (./mathematics/james_stewart_precalculus/fundamentals/equations/ankicards/discriminant.tex
Underfull \hbox (badness 10000) in paragraph at lines 13--3
 
 []


Overfull \hbox (12.0pt too wide) in alignment at lines 13--13
[] 
 []


Overfull \hbox (12.0pt too wide) in alignment at lines 29--29
[] 
 []

)) (./mathematics/james_stewart_precalculus/fundamentals/complex_numbers/complex_numbers.tex
Underfull \hbox (badness 10000) in paragraph at lines 13--1
 
 []

(./mathematics/james_stewart_precalculus/fundamentals/complex_numbers/ankicards/overview.tex
Overfull \hbox (12.0pt too wide) in alignment at lines 29--29
[] 
 []


Overfull \hbox (12.0pt too wide) in alignment at lines 42--42
[] 
 []

) (./mathematics/james_stewart_precalculus/fundamentals/complex_numbers/ankicards/definition.tex
Underfull \hbox (badness 10000) in paragraph at lines 29--3
 
 []



[33]
Overfull \hbox (12.0pt too wide) in alignment at lines 13--13
[] 
 []


Underfull \hbox (badness 1107) in paragraph at lines 36--36
[]|\T1/pplj/m/n/9 where $\OML/zplm/m/it/9 a$ \T1/pplj/m/n/9 and $\OML/zplm/m/it/9 b$ \T1/pplj/m/n/9 are real num-bers and $\OML/zplm/m/it/9 i[] \OT1/zplm/m/n/9 = \OMS/zplm/m/n/9 ^^@\OT1/pplx/m/n/9 1$\T1/pplj/m/n/9 . The \T1/pplj/b/n/9 real part \T1/pplj/m/n/9 of this com-plex
 []


Underfull \hbox (badness 10000) in paragraph at lines 36--36
\T1/pplj/m/n/9 num-ber is $\OML/zplm/m/it/9 a$\T1/pplj/m/n/9 , and the \T1/pplj/b/n/9 imag-i-nary part \T1/pplj/m/n/9 is $\OML/zplm/m/it/9 b$\T1/pplj/m/n/9 . Two com-plex num-bers are \T1/pplj/b/n/9 equal \T1/pplj/m/n/9 if
 []


Overfull \hbox (12.0pt too wide) in alignment at lines 36--36
[] 
 []

) (./mathematics/james_stewart_precalculus/fundamentals/complex_numbers/ankicards/arithmentics.tex
Underfull \hbox (badness 10000) in paragraph at lines 13--3
 
 []


Overfull \hbox (12.0pt too wide) in alignment at lines 13--13
[] 
 []


Underfull \hbox (badness 10000) in paragraph at lines 52--52
[]|\T1/pplj/m/n/9 To add com-plex num-bers, add the real
 []


Underfull \hbox (badness 10000) in paragraph at lines 52--52
[]|\T1/pplj/m/n/9 To sub-tract com-plex num-bers, sub-tract
 []


Underfull \hbox (badness 10000) in paragraph at lines 52--52
[]|$[] \OMS/zplm/m/n/9 ^^A [] \OT1/zplm/m/n/9 = [] +
 []


Underfull \hbox (badness 10000) in paragraph at lines 52--52
[]|\T1/pplj/m/n/9 Multiply com-plex num-bers like bi-no-
 []


Overfull \hbox (24.0pt too wide) in alignment at lines 52--52
[][] 
 []

) (./mathematics/james_stewart_precalculus/fundamentals/complex_numbers/ankicards/conjugates.tex
Underfull \hbox (badness 10000) in paragraph at lines 13--3
 
 []


Underfull \vbox (badness 10000) has occurred while \output is active []



[34]
Overfull \hbox (12.0pt too wide) in alignment at lines 13--13
[] 
 []


Underfull \hbox (badness 10000) in paragraph at lines 45--45
[]|\T1/pplj/m/n/9 To sim-plify the quo-tient $[]$, mul-ti-ply the nu-mer-a-tor and the de-nom-i-na-tor
 []


Overfull \hbox (12.0pt too wide) in alignment at lines 45--45
[] 
 []

) (./mathematics/james_stewart_precalculus/fundamentals/complex_numbers/ankicards/square_roots.tex
Underfull \hbox (badness 10000) in paragraph at lines 13--3
 
 []


Overfull \hbox (12.0pt too wide) in alignment at lines 13--13
[] 
 []


Overfull \hbox (12.0pt too wide) in alignment at lines 28--28
[] 
 []

)))) (./physics/physics.tex
Underfull \hbox (badness 10000) in paragraph at lines 13--1
 
 []



[35]

[36

]

[37]

[38]) (./gnc/gnc.tex

[39

]

[40]) (./programming/programming.tex

[41

]

[42]) (./latex/latex.tex

[43

]

[44])
Overfull \hbox (12.0pt too wide) in paragraph at lines 325--352
[]$[]$ 
 []



[45

]

[46]
LaTeX Font Info:    Font shape `T1/fvm/m/n' will be
(Font)              scaled to size 6.80005pt on input line 464.


LaTeX Warning: Marginpar on page 47 moved.


Overfull \hbox (8.62149pt too wide) in paragraph at lines 518--528
 [] 
 []


LaTeX Warning: `h' float specifier changed to `ht'.



[47]

[48]
LaTeX Font Info:    Font shape `T1/fvm/m/it' in size <20.74> not available
(Font)              Font shape `T1/fvm/m/sl' tried instead on input line 534.
LaTeX Font Info:    Font shape `T1/fvm/m/sl' will be
(Font)              scaled to size 17.62912pt on input line 534.

Overfull \hbox (7.68355pt too wide) in paragraph at lines 546--548
\T1/pplj/m/n/10 This style pro-vides \T1/pplj/m/sc/10/50ls a\T1/pplj/m/n/10 - and \T1/pplj/m/sc/10/50ls b\T1/pplj/m/n/10 -heads (that is, [] and []), 
 []


LaTeX Warning: Marginpar on page 49 moved.


LaTeX Warning: Marginpar on page 49 moved.

LaTeX Font Info:    Font shape `T1/fvm/m/n' will be
(Font)              scaled to size 7.65005pt on input line 580.


[49

]

LaTeX Warning: Marginpar on page 50 moved.



[50]
LaTeX Font Info:    Trying to load font information for T1+ppl on input line 722.
 (/usr/local/texlive/2025/texmf-dist/tex/latex/psnfss/t1ppl.fd
File: t1ppl.fd 2001/06/04 font definitions for T1/ppl.
)
Overfull \hbox (6.44302pt too wide) in paragraph at lines 749--752
\T1/pplj/m/n/10 this lim-i-ta-tion, the Tufte-L[]T[]X doc-u-ment classes pro-vide a []\T1/fvm/m/n/10 \morefloats[][][] 
 []



[51]
Overfull \hbox (56.13647pt too wide) in paragraph at lines 786--789
[] []\T1/pplj/m/it/10 Ver-ti-cal align-ment[] \T1/pplj/m/n/10 To over-ride the ver-ti-cal align-ment, use the \T1/fvm/m/n/10 \setfloatalignment[] 
 []



[52]

[53]
Underfull \vbox (badness 10000) has occurred while \output is active []



[54]

[55]

[56

]
LaTeX Font Info:    Font shape `T1/fvm/m/it' in size <10> not available
(Font)              Font shape `T1/fvm/m/sl' tried instead on input line 965.
LaTeX Font Info:    Font shape `T1/fvm/m/sl' will be
(Font)              scaled to size 8.50006pt on input line 965.


[57]

[58]
Overfull \hbox (29.76787pt too wide) in paragraph at lines 1067--1069
[]\T1/fvm/m/n/9 \documentclass[symmetric,justified,marginals=raggedouter]{tufte-book}  
 []



[59]

[60

]
LaTeX Font Info:    Font shape `T1/fvm/m/it' in size <12> not available
(Font)              Font shape `T1/fvm/m/sl' tried instead on input line 1101.
LaTeX Font Info:    Font shape `T1/fvm/m/sl' will be
(Font)              scaled to size 10.20007pt on input line 1101.


[61]

[62

]

[63] [64]

[65]

[66

] (./gnc-book.ind [67

])

Package bibentry Warning: You have used \nobibliography* 
(bibentry)                without a following \bibliography.
(bibentry)                You may not be able to run BibTeX.



[68] (./gnc-book.aux)
 ***********
LaTeX2e <2024-11-01> patch level 2
L3 programming layer <2025-01-18>
 ***********
Package rerunfilecheck Info: File `gnc-book.out' has not changed.
(rerunfilecheck)             Checksum: 95A80C2C520ED95B43A5E07BF33BAB7F;7618.
 ) 
Here is how much of TeX's memory you used:
 28073 strings out of 473190
 555207 string characters out of 5715800
 1035000 words of memory out of 5000000
 50265 multiletter control sequences out of 15000+600000
 727301 words of font info for 289 fonts, out of 8000000 for 9000
 1141 hyphenation exceptions out of 8191
 102i,22n,107p,484b,1195s stack positions out of 10000i,1000n,20000p,200000b,200000s
</usr/local/texlive/2025/texmf-dist/fonts/type1/public/amsfonts/cm/cmex10.pfb></usr/local/texlive/2025/texmf-dist/fonts/type1/public/amsfonts/cm/cmmi10.pfb></usr/local/texlive/2025/texmf-dist/fonts/type1/public/amsfonts/cm/cmr10.pfb></usr/local/texlive/2025/texmf-dist/fonts/type1/public/amsfonts/cm/cmsy10.pfb></usr/local/texlive/2025/texmf-dist/fonts/type1/public/mathpazo/fplmbb.pfb></usr/local/texlive/2025/texmf-dist/fonts/type1/public/mathpazo/fplmr.pfb></usr/local/texlive/2025/texmf-dist/fonts/type1/public/mathpazo/fplmri.pfb></usr/local/texlive/2025/texmf-dist/fonts/type1/public/fpl/fplrc8a.pfb></usr/local/texlive/2025/texmf-dist/fonts/type1/public/fpl/fplrij8a.pfb></usr/local/texlive/2025/texmf-dist/fonts/type1/public/bera/fvmr8a.pfb></usr/local/texlive/2025/texmf-dist/fonts/type1/public/bera/fvmro8a.pfb></usr/local/texlive/2025/texmf-dist/fonts/type1/urw/helvetic/uhvr8a.pfb></usr/local/texlive/2025/texmf-dist/fonts/type1/urw/palatino/uplb8a.pfb></usr/local/texlive/2025/texmf-dist/fonts/type1/urw/palatino/uplr8a.pfb></usr/local/texlive/2025/texmf-dist/fonts/type1/urw/palatino/uplri8a.pfb>
Output written on gnc-book.pdf (68 pages, 257462 bytes).
PDF statistics:
 856 PDF objects out of 1000 (max. 8388607)
 735 compressed objects within 8 object streams
 168 named destinations out of 1000 (max. 500000)
 12685 words of extra memory for PDF output out of 14400 (max. 10000000)

