\BOOKMARK [-1][-]{part.1}{\376\377\000I\000\040\000M\000a\000t\000h\000e\000m\000a\000t\000i\000c\000s}{}% 1
\BOOKMARK [0][-]{chapter*.4}{\376\377\000T\000h\000e\000\040\000t\000h\000e\000s\000a\000u\000r\000u\000s\000\040\000o\000f\000\040\000M\000a\000t\000h\000e\000m\000a\000t\000i\000c\000s}{part.1}% 2
\BOOKMARK [0][-]{chapter*.5}{\376\377\000F\000u\000n\000d\000a\000m\000e\000n\000t\000a\000l\000s}{part.1}% 3
\BOOKMARK [1][-]{section*.6}{\376\377\000R\000e\000a\000l\000\040\000N\000u\000m\000b\000e\000r\000s}{chapter*.5}% 4
\BOOKMARK [1][-]{section*.7}{\376\377\000R\000e\000a\000l\000\040\000N\000u\000m\000b\000e\000r\000s\000\040\000-\000\040\000A\000n\000k\000i\000\040\000c\000a\000r\000d\000s}{chapter*.5}% 5
\BOOKMARK [1][-]{section*.21}{\376\377\000E\000x\000p\000o\000n\000e\000n\000t\000s\000\040\000a\000n\000d\000\040\000R\000a\000d\000i\000c\000a\000l\000s}{chapter*.5}% 6
\BOOKMARK [1][-]{section*.22}{\376\377\000E\000x\000p\000o\000n\000e\000n\000t\000s\000\040\000a\000n\000d\000\040\000R\000a\000d\000i\000c\000a\000l\000s\000\040\000-\000\040\000A\000n\000k\000i\000c\000a\000r\000d\000s}{chapter*.5}% 7
\BOOKMARK [1][-]{section*.23}{\376\377\000E\000x\000p\000o\000n\000e\000n\000t\000s\000\040\000a\000n\000d\000\040\000R\000a\000d\000i\000c\000a\000l\000s}{chapter*.5}% 8
\BOOKMARK [1][-]{section*.30}{\376\377\000A\000l\000g\000e\000b\000r\000a\000i\000c\000\040\000E\000x\000p\000r\000e\000s\000s\000i\000o\000n\000s}{chapter*.5}% 9
\BOOKMARK [1][-]{section*.31}{\376\377\000A\000l\000g\000e\000b\000r\000a\000i\000c\000\040\000E\000x\000p\000r\000e\000s\000s\000i\000o\000n\000s\000\040\000-\000\040\000A\000n\000k\000i\000\040\000c\000a\000r\000d\000s}{chapter*.5}% 10
\BOOKMARK [1][-]{section*.36}{\376\377\000R\000a\000t\000i\000o\000n\000a\000l\000\040\000e\000x\000p\000r\000e\000s\000s\000i\000o\000n\000s}{chapter*.5}% 11
\BOOKMARK [1][-]{section*.37}{\376\377\000R\000a\000t\000i\000o\000n\000a\000l\000\040\000e\000x\000p\000r\000e\000s\000s\000i\000o\000n\000s\000\040\000-\000\040\000A\000n\000k\000i\000\040\000c\000a\000r\000d\000s}{chapter*.5}% 12
\BOOKMARK [1][-]{section*.42}{\376\377\000E\000q\000u\000a\000t\000i\000o\000n\000s}{chapter*.5}% 13
\BOOKMARK [1][-]{section*.43}{\376\377\000E\000q\000u\000a\000t\000i\000o\000n\000s\000\040\000-\000\040\000A\000n\000k\000i\000\040\000c\000a\000r\000d\000s}{chapter*.5}% 14
\BOOKMARK [1][-]{section*.52}{\376\377\000C\000o\000m\000p\000l\000e\000x\000\040\000N\000u\000m\000b\000e\000r\000s}{chapter*.5}% 15
\BOOKMARK [1][-]{section*.53}{\376\377\000C\000o\000m\000p\000l\000e\000x\000\040\000N\000u\000m\000b\000e\000r\000s\000\040\000-\000\040\000A\000n\000k\000i\000\040\000c\000a\000r\000d\000s}{chapter*.5}% 16
\BOOKMARK [-1][-]{part.2}{\376\377\000I\000I\000\040\000P\000h\000y\000s\000i\000c\000s}{}% 17
\BOOKMARK [-1][-]{part.3}{\376\377\000I\000I\000I\000\040\000G\000N\000C}{}% 18
\BOOKMARK [-1][-]{part.4}{\376\377\000I\000V\000\040\000P\000r\000o\000g\000r\000a\000m\000m\000i\000n\000g}{}% 19
\BOOKMARK [-1][-]{part.5}{\376\377\000V\000\040\000L\000a\000T\000e\000X}{}% 20
\BOOKMARK [0][-]{chapter*.59}{\376\377\000T\000h\000e\000\040\000D\000e\000s\000i\000g\000n\000\040\000o\000f\000\040\000T\000u\000f\000t\000e\000'\000s\000\040\000B\000o\000o\000k\000s}{part.5}% 21
\BOOKMARK [1][-]{section*.60}{\376\377\000T\000y\000p\000e\000f\000a\000c\000e\000s}{chapter*.59}% 22
\BOOKMARK [1][-]{section*.61}{\376\377\000H\000e\000a\000d\000i\000n\000g\000s}{chapter*.59}% 23
\BOOKMARK [1][-]{section*.63}{\376\377\000E\000n\000v\000i\000r\000o\000n\000m\000e\000n\000t\000s}{chapter*.59}% 24
\BOOKMARK [0][-]{chapter*.64}{\376\377\000O\000n\000\040\000t\000h\000e\000\040\000U\000s\000e\000\040\000o\000f\000\040\000t\000h\000e\000\040\000t\000u\000f\000t\000e\000-\000b\000o\000o\000k\000\040\000D\000o\000c\000u\000m\000e\000n\000t\000\040\000C\000l\000a\000s\000s}{part.5}% 25
\BOOKMARK [1][-]{section*.65}{\376\377\000P\000a\000g\000e\000\040\000L\000a\000y\000o\000u\000t}{chapter*.64}% 26
\BOOKMARK [1][-]{section*.67}{\376\377\000S\000i\000d\000e\000n\000o\000t\000e\000s}{chapter*.64}% 27
\BOOKMARK [1][-]{section*.68}{\376\377\000R\000e\000f\000e\000r\000e\000n\000c\000e\000s}{chapter*.64}% 28
\BOOKMARK [1][-]{section*.69}{\376\377\000F\000i\000g\000u\000r\000e\000s\000\040\000a\000n\000d\000\040\000T\000a\000b\000l\000e\000s}{chapter*.64}% 29
\BOOKMARK [1][-]{section*.70}{\376\377\000C\000a\000p\000t\000i\000o\000n\000s}{chapter*.64}% 30
\BOOKMARK [1][-]{section*.73}{\376\377\000F\000u\000l\000l\000-\000w\000i\000d\000t\000h\000\040\000t\000e\000x\000t\000\040\000b\000l\000o\000c\000k\000s}{chapter*.64}% 31
\BOOKMARK [1][-]{section*.74}{\376\377\000T\000y\000p\000o\000g\000r\000a\000p\000h\000y}{chapter*.64}% 32
\BOOKMARK [1][-]{section*.77}{\376\377\000D\000o\000c\000u\000m\000e\000n\000t\000\040\000C\000l\000a\000s\000s\000\040\000O\000p\000t\000i\000o\000n\000s}{chapter*.64}% 33
\BOOKMARK [0][-]{chapter*.78}{\376\377\000C\000u\000s\000t\000o\000m\000i\000z\000i\000n\000g\000\040\000T\000u\000f\000t\000e\000-\000L\000a\000T\000e\000X}{part.5}% 34
\BOOKMARK [1][-]{section*.79}{\376\377\000F\000i\000l\000e\000\040\000H\000o\000o\000k\000s}{chapter*.78}% 35
\BOOKMARK [1][-]{section*.80}{\376\377\000N\000u\000m\000b\000e\000r\000e\000d\000\040\000S\000e\000c\000t\000i\000o\000n\000\040\000H\000e\000a\000d\000i\000n\000g\000s}{chapter*.78}% 36
\BOOKMARK [1][-]{section*.81}{\376\377\000C\000h\000a\000n\000g\000i\000n\000g\000\040\000t\000h\000e\000\040\000P\000a\000p\000e\000r\000\040\000S\000i\000z\000e}{chapter*.78}% 37
\BOOKMARK [1][-]{section*.82}{\376\377\000C\000u\000s\000t\000o\000m\000i\000z\000i\000n\000g\000\040\000M\000a\000r\000g\000i\000n\000a\000l\000\040\000M\000a\000t\000e\000r\000i\000a\000l}{chapter*.78}% 38
\BOOKMARK [0][-]{chapter*.83}{\376\377\000C\000o\000m\000p\000a\000t\000i\000b\000i\000l\000i\000t\000y\000\040\000I\000s\000s\000u\000e\000s}{part.5}% 39
\BOOKMARK [1][-]{section*.84}{\376\377\000C\000o\000n\000v\000e\000r\000t\000i\000n\000g\000\040\000f\000r\000o\000m\000\040\000a\000r\000t\000i\000c\000l\000e\000\040\000t\000o\000\040\000t\000u\000f\000t\000e\000-\000h\000a\000n\000d\000o\000u\000t}{chapter*.83}% 40
\BOOKMARK [1][-]{section*.85}{\376\377\000C\000o\000n\000v\000e\000r\000t\000i\000n\000g\000\040\000f\000r\000o\000m\000\040\000b\000o\000o\000k\000\040\000t\000o\000\040\000t\000u\000f\000t\000e\000-\000b\000o\000o\000k}{chapter*.83}% 41
\BOOKMARK [0][-]{chapter*.86}{\376\377\000T\000r\000o\000u\000b\000l\000e\000s\000h\000o\000o\000t\000i\000n\000g\000\040\000a\000n\000d\000\040\000S\000u\000p\000p\000o\000r\000t}{part.5}% 42
\BOOKMARK [1][-]{section*.87}{\376\377\000T\000u\000f\000t\000e\000-\000L\000a\000T\000e\000X\000\040\000W\000e\000b\000s\000i\000t\000e}{chapter*.86}% 43
\BOOKMARK [1][-]{section*.88}{\376\377\000T\000u\000f\000t\000e\000-\000L\000a\000T\000e\000X\000\040\000M\000a\000i\000l\000i\000n\000g\000\040\000L\000i\000s\000t\000s}{chapter*.86}% 44
\BOOKMARK [1][-]{section*.91}{\376\377\000G\000e\000t\000t\000i\000n\000g\000\040\000H\000e\000l\000p}{chapter*.86}% 45
\BOOKMARK [1][-]{section*.92}{\376\377\000E\000r\000r\000o\000r\000s\000,\000\040\000W\000a\000r\000n\000i\000n\000g\000s\000,\000\040\000a\000n\000d\000\040\000I\000n\000f\000o\000r\000m\000a\000t\000i\000o\000n\000a\000l\000\040\000M\000e\000s\000s\000a\000g\000e\000s}{chapter*.86}% 46
\BOOKMARK [1][-]{section*.93}{\376\377\000P\000a\000c\000k\000a\000g\000e\000\040\000D\000e\000p\000e\000n\000d\000e\000n\000c\000i\000e\000s}{chapter*.86}% 47
\BOOKMARK [0][-]{chapter*.94}{\376\377\000I\000n\000d\000e\000x}{part.5}% 48
