This is pdfTeX, Version 3.141592653-2.6-1.40.27 (TeX Live 2025) (preloaded format=pdflatex 2025.6.17)  23 AUG 2025 18:30
entering extended mode
 restricted \write18 enabled.
 %&-line parsing enabled.
**target.tex
(./target.tex
LaTeX2e <2024-11-01> patch level 2
L3 programming layer <2025-01-18>
(/usr/local/texlive/2025/texmf-dist/tex/latex/base/article.cls
Document Class: article 2024/06/29 v1.4n Standard LaTeX document class
(/usr/local/texlive/2025/texmf-dist/tex/latex/base/size10.clo
File: size10.clo 2024/06/29 v1.4n Standard LaTeX file (size option)
)
\c@part=\count196
\c@section=\count197
\c@subsection=\count198
\c@subsubsection=\count199
\c@paragraph=\count266
\c@subparagraph=\count267
\c@figure=\count268
\c@table=\count269
\abovecaptionskip=\skip49
\belowcaptionskip=\skip50
\bibindent=\dimen141
)
(/usr/local/texlive/2025/texmf-dist/tex/latex/tools/tabularx.sty
Package: tabularx 2023/12/11 v2.12a `tabularx' package (DPC)

(/usr/local/texlive/2025/texmf-dist/tex/latex/tools/array.sty
Package: array 2024/10/17 v2.6g Tabular extension package (FMi)
\col@sep=\dimen142
\ar@mcellbox=\box52
\extrarowheight=\dimen143
\NC@list=\toks17
\extratabsurround=\skip51
\backup@length=\skip52
\ar@cellbox=\box53
)
\TX@col@width=\dimen144
\TX@old@table=\dimen145
\TX@old@col=\dimen146
\TX@target=\dimen147
\TX@delta=\dimen148
\TX@cols=\count270
\TX@ftn=\toks18
)
(/usr/local/texlive/2025/texmf-dist/tex/latex/booktabs/booktabs.sty
Package: booktabs 2020/01/12 v1.61803398 Publication quality tables
\heavyrulewidth=\dimen149
\lightrulewidth=\dimen150
\cmidrulewidth=\dimen151
\belowrulesep=\dimen152
\belowbottomsep=\dimen153
\aboverulesep=\dimen154
\abovetopsep=\dimen155
\cmidrulesep=\dimen156
\cmidrulekern=\dimen157
\defaultaddspace=\dimen158
\@cmidla=\count271
\@cmidlb=\count272
\@aboverulesep=\dimen159
\@belowrulesep=\dimen160
\@thisruleclass=\count273
\@lastruleclass=\count274
\@thisrulewidth=\dimen161
)
(/usr/local/texlive/2025/texmf-dist/tex/latex/l3backend/l3backend-pdftex.def
File: l3backend-pdftex.def 2024-05-08 L3 backend support: PDF output (pdfTeX)
\l__color_backend_stack_int=\count275
\l__pdf_internal_box=\box54
)
(./target.aux)
\openout1 = `target.aux'.

LaTeX Font Info:    Checking defaults for OML/cmm/m/it on input line 4.
LaTeX Font Info:    ... okay on input line 4.
LaTeX Font Info:    Checking defaults for OMS/cmsy/m/n on input line 4.
LaTeX Font Info:    ... okay on input line 4.
LaTeX Font Info:    Checking defaults for OT1/cmr/m/n on input line 4.
LaTeX Font Info:    ... okay on input line 4.
LaTeX Font Info:    Checking defaults for T1/cmr/m/n on input line 4.
LaTeX Font Info:    ... okay on input line 4.
LaTeX Font Info:    Checking defaults for TS1/cmr/m/n on input line 4.
LaTeX Font Info:    ... okay on input line 4.
LaTeX Font Info:    Checking defaults for OMX/cmex/m/n on input line 4.
LaTeX Font Info:    ... okay on input line 4.
LaTeX Font Info:    Checking defaults for U/cmr/m/n on input line 4.
LaTeX Font Info:    ... okay on input line 4.

Overfull \hbox (24.0pt too wide) in alignment at lines 32--32
[][] 
 []


Overfull \hbox (10.00002pt too wide) in paragraph at lines 32--33
 [] [] 
 []


Overfull \hbox (24.0pt too wide) in alignment at lines 60--60
[][] 
 []


Overfull \hbox (10.00002pt too wide) in paragraph at lines 60--61
 [] [] 
 []


Overfull \hbox (24.0pt too wide) in alignment at lines 88--88
[][] 
 []


Overfull \hbox (10.00002pt too wide) in paragraph at lines 88--89
 [] [] 
 []


Overfull \hbox (24.0pt too wide) in alignment at lines 116--116
[][] 
 []


Overfull \hbox (10.00002pt too wide) in paragraph at lines 116--117
 [] [] 
 []


Overfull \hbox (24.0pt too wide) in alignment at lines 144--144
[][] 
 []


Overfull \hbox (10.00002pt too wide) in paragraph at lines 144--145
 [] [] 
 []



[1

{/usr/local/texlive/2025/texmf-var/fonts/map/pdftex/updmap/pdftex.map}]
Overfull \hbox (24.0pt too wide) in alignment at lines 172--172
[][] 
 []


Overfull \hbox (10.00002pt too wide) in paragraph at lines 172--173
 [] [] 
 []


Overfull \hbox (24.0pt too wide) in alignment at lines 200--200
[][] 
 []


Overfull \hbox (10.00002pt too wide) in paragraph at lines 200--201
 [] [] 
 []


Overfull \hbox (24.0pt too wide) in alignment at lines 228--228
[][] 
 []


Overfull \hbox (10.00002pt too wide) in paragraph at lines 228--229
 [] [] 
 []



[2] (./target.aux)
 ***********
LaTeX2e <2024-11-01> patch level 2
L3 programming layer <2025-01-18>
 ***********
 ) 
Here is how much of TeX's memory you used:
 642 strings out of 473190
 11503 string characters out of 5715800
 411798 words of memory out of 5000000
 23965 multiletter control sequences out of 15000+600000
 559145 words of font info for 37 fonts, out of 8000000 for 9000
 1141 hyphenation exceptions out of 8191
 41i,8n,51p,147b,177s stack positions out of 10000i,1000n,20000p,200000b,200000s
</usr/local/texlive/2025/texmf-dist/fonts/type1/public/amsfonts/cm/cmr10.pfb>

Output written on target.pdf (2 pages, 22378 bytes).
PDF statistics:
 16 PDF objects out of 1000 (max. 8388607)
 9 compressed objects within 1 object stream
 0 named destinations out of 1000 (max. 500000)
 1 words of extra memory for PDF output out of 10000 (max. 10000000)

